<?xml version="1.0" encoding="UTF-8" standalone="no"?><testsuite errors="1" failures="0" name="Vaccine Stock" skipped="0" tests="1" time="19.11" timestamp="2022-07-19 12:04:52"><testcase name="Update Vaccination Stock"><error message="invalid element state&#10;  (Session info: chrome=103.0.5060.114)&#10;Build info: version: '4.1.2', revision: '9a5a329c5a'&#10;System info: host: 'INGGRIT', ip: '192.168.137.1', os.name: 'Windows 10', os.arch: 'amd64', os.version: '10.0', java.version: '15.0.2'&#10;Driver info: org.openqa.selenium.chrome.ChromeDriver&#10;Command: [3fc6c66fef4483d52522f141d7fab3eb, clearElement {id=91e00fb5-9cea-43cc-b721-9f0c4aa07e7c}]&#10;Capabilities {acceptInsecureCerts: false, browserName: chrome, browserVersion: 103.0.5060.114, chrome: {chromedriverVersion: 102.0.5005.61 (0e59bcc00cc4..., userDataDir: C:\Users\ponda\AppData\Loca...}, goog:chromeOptions: {debuggerAddress: localhost:62446}, javascriptEnabled: true, networkConnectionEnabled: false, pageLoadStrategy: normal, platform: WINDOWS, platformName: WINDOWS, proxy: Proxy(), se:cdp: ws://localhost:62446/devtoo..., se:cdpVersion: 103.0.5060.114, setWindowRect: true, strictFileInteractability: false, timeouts: {implicit: 0, pageLoad: 300000, script: 30000}, unhandledPromptBehavior: dismiss and notify, webauthn:extension:credBlob: true, webauthn:extension:largeBlob: true, webauthn:virtualAuthenticators: true}&#10;Element: [[ChromeDriver: chrome on WINDOWS (3fc6c66fef4483d52522f141d7fab3eb)] -&gt; xpath: //*[@id=&quot;root&quot;]/div/div/div/div[1]/div[3]/table/tbody/tr[1]/td[3]]&#10;Session ID: 3fc6c66fef4483d52522f141d7fab3eb&#10;Build info: version: '4.1.2', revision: '9a5a329c5a'&#10;System info: host: 'INGGRIT', ip: '192.168.137.1', os.name: 'Windows 10', os.arch: 'amd64', os.version: '10.0', java.version: '15.0.2'&#10;Driver info: driver.version: unknown" type="org.openqa.selenium.InvalidElementStateException">invalid element state
  (Session info: chrome=103.0.5060.114)
Build info: version: '4.1.2', revision: '9a5a329c5a'
System info: host: 'INGGRIT', ip: '192.168.137.1', os.name: 'Windows 10', os.arch: 'amd64', os.version: '10.0', java.version: '15.0.2'
Driver info: org.openqa.selenium.chrome.ChromeDriver
Command: [3fc6c66fef4483d52522f141d7fab3eb, clearElement {id=91e00fb5-9cea-43cc-b721-9f0c4aa07e7c}]
Capabilities {acceptInsecureCerts: false, browserName: chrome, browserVersion: 103.0.5060.114, chrome: {chromedriverVersion: 102.0.5005.61 (0e59bcc00cc4..., userDataDir: C:\Users\ponda\AppData\Loca...}, goog:chromeOptions: {debuggerAddress: localhost:62446}, javascriptEnabled: true, networkConnectionEnabled: false, pageLoadStrategy: normal, platform: WINDOWS, platformName: WINDOWS, proxy: Proxy(), se:cdp: ws://localhost:62446/devtoo..., se:cdpVersion: 103.0.5060.114, setWindowRect: true, strictFileInteractability: false, timeouts: {implicit: 0, pageLoad: 300000, script: 30000}, unhandledPromptBehavior: dismiss and notify, webauthn:extension:credBlob: true, webauthn:extension:largeBlob: true, webauthn:virtualAuthenticators: true}
Element: [[ChromeDriver: chrome on WINDOWS (3fc6c66fef4483d52522f141d7fab3eb)] -&gt; xpath: //*[@id="root"]/div/div/div/div[1]/div[3]/table/tbody/tr[1]/td[3]]
Session ID: 3fc6c66fef4483d52522f141d7fab3eb
Build info: version: '4.1.2', revision: '9a5a329c5a'
System info: host: 'INGGRIT', ip: '192.168.137.1', os.name: 'Windows 10', os.arch: 'amd64', os.version: '10.0', java.version: '15.0.2'
Driver info: driver.version: unknown</error><system-err>invalid element state
  (Session info: chrome=103.0.5060.114)
Build info: version: '4.1.2', revision: '9a5a329c5a'
System info: host: 'INGGRIT', ip: '192.168.137.1', os.name: 'Windows 10', os.arch: 'amd64', os.version: '10.0', java.version: '15.0.2'
Driver info: org.openqa.selenium.chrome.ChromeDriver
Command: [3fc6c66fef4483d52522f141d7fab3eb, clearElement {id=91e00fb5-9cea-43cc-b721-9f0c4aa07e7c}]
Capabilities {acceptInsecureCerts: false, browserName: chrome, browserVersion: 103.0.5060.114, chrome: {chromedriverVersion: 102.0.5005.61 (0e59bcc00cc4..., userDataDir: C:\Users\ponda\AppData\Loca...}, goog:chromeOptions: {debuggerAddress: localhost:62446}, javascriptEnabled: true, networkConnectionEnabled: false, pageLoadStrategy: normal, platform: WINDOWS, platformName: WINDOWS, proxy: Proxy(), se:cdp: ws://localhost:62446/devtoo..., se:cdpVersion: 103.0.5060.114, setWindowRect: true, strictFileInteractability: false, timeouts: {implicit: 0, pageLoad: 300000, script: 30000}, unhandledPromptBehavior: dismiss and notify, webauthn:extension:credBlob: true, webauthn:extension:largeBlob: true, webauthn:virtualAuthenticators: true}
Element: [[ChromeDriver: chrome on WINDOWS (3fc6c66fef4483d52522f141d7fab3eb)] -&gt; xpath: //*[@id="root"]/div/div/div/div[1]/div[3]/table/tbody/tr[1]/td[3]]
Session ID: 3fc6c66fef4483d52522f141d7fab3eb
Build info: version: '4.1.2', revision: '9a5a329c5a'
System info: host: 'INGGRIT', ip: '192.168.137.1', os.name: 'Windows 10', os.arch: 'amd64', os.version: '10.0', java.version: '15.0.2'
Driver info: driver.version: unknown&#13;
Web.Automation@1.0-SNAPSHOT/starter.pages.admin.vaccination_stock.updateVaccineStock(vaccination_stock.java:21)&#13;
Web.Automation@1.0-SNAPSHOT/starter.stepdefinitions.vaccineStockSteps.iInputNewValueOfVaccinationStock(vaccineStockSteps.java:16)&#13;
✽.I input new value of vaccination stock(file:///C:/Users/ponda/Downloads/Video/Web_Automation/src/test/resources/features/vaccine_stock.feature:9)&#13;
</system-err></testcase></testsuite>