<?xml version="1.0" encoding="UTF-8"?><testsuite errors="0" failures="0" name="Vaccination Pass" skipped="0" tests="7" time="25.66" timestamp="2022-07-19 12:41:06"><testcase name="POST - Create vaccination Pass"/><testcase name="GET - Get all vaccination pass"/><testcase name="GET - Get specific vaccination pass"/><testcase name="DELETE - Delete specific vaccination pass"/><testcase name="PUT - Update vaccination pass detail"/><testcase name="PUT - Update vaccination status_true"/><testcase name="PUT - Update vaccination status_false"/></testsuite>