<?xml version="1.0" encoding="UTF-8"?><testsuite errors="0" failures="0" name="Vaccine" skipped="0" tests="9" time="26.52" timestamp="2022-07-19 12:41:07"><testcase name="POST - Create Vaccine"/><testcase name="GET - Get specific vaccine"/><testcase name="DELETE - Delete specific vaccine"/><testcase name="PUT - Update vaccine name"/><testcase name="GET- Get all vaccine"/><testcase name="POST - Distribute vaccine to health facility"/><testcase name="GET - vaccine stocks of health facility"/></testsuite>