<?xml version="1.0" encoding="UTF-8"?>
<testsuite xmlns:xsi="http://www.w3.org/2001/XMLSchema-instance" xsi:noNamespaceSchemaLocation="https://maven.apache.org/surefire/maven-failsafe-plugin/xsd/failsafe-test-report-3.0.xsd" version="3.0" name="CucumberTestSuite" time="121.058" tests="3" errors="3" skipped="0" failures="0">
  <properties>
[...]
</properties>
  <testcase name="Update vaccination booking&apos;s status #1" classname="Vaccination Bookings" time="49.25">
    <error type="org.openqa.selenium.NoSuchElementException"><![CDATA[org.openqa.selenium.NoSuchElementException: 
no such element: Unable to locate element: {"method":"xpath","selector":"//*[@class= 'p-[4px] mx-1 bg-green-200  font-bold text-xs rounded-xl text-white inline-block cursor-pointer']"}
  (Session info: chrome=103.0.5060.114)
For documentation on this error, please visit: https://selenium.dev/exceptions/#no_such_element
Build info: version: '4.1.2', revision: '9a5a329c5a'
System info: host: 'INGGRIT', ip: '192.168.137.1', os.name: 'Windows 10', os.arch: 'amd64', os.version: '10.0', java.version: '15.0.2'
Driver info: org.openqa.selenium.chrome.ChromeDriver
Command: [90b176e448e9c40e0ae63004c01877a3, findElement {using=xpath, value=//*[@class= 'p-[4px] mx-1 bg-green-200  font-bold text-xs rounded-xl text-white inline-block cursor-pointer']}]
Capabilities {acceptInsecureCerts: false, browserName: chrome, browserVersion: 103.0.5060.114, chrome: {chromedriverVersion: 102.0.5005.61 (0e59bcc00cc4..., userDataDir: C:\Users\ponda\AppData\Loca...}, goog:chromeOptions: {debuggerAddress: localhost:62382}, javascriptEnabled: true, networkConnectionEnabled: false, pageLoadStrategy: normal, platform: WINDOWS, platformName: WINDOWS, proxy: Proxy(), se:cdp: ws://localhost:62382/devtoo..., se:cdpVersion: 103.0.5060.114, setWindowRect: true, strictFileInteractability: false, timeouts: {implicit: 0, pageLoad: 300000, script: 30000}, unhandledPromptBehavior: dismiss and notify, webauthn:extension:credBlob: true, webauthn:extension:largeBlob: true, webauthn:virtualAuthenticators: true}
Session ID: 90b176e448e9c40e0ae63004c01877a3
]]></error>
    <system-out><![CDATA[12:03:38.296 [main] INFO io.cucumber.core.plugin.SerenityReporter - Running feature from file:///C:/Users/ponda/Downloads/Video/Web_Automation/src/test/resources/features/vaccination_bookings.feature
12:03:38.901 [main] INFO  - 

-------------------------------------------------------------------------------------
     _______. _______ .______       _______ .__   __.  __  .___________.____    ____ 
    /       ||   ____||   _  \     |   ____||  \ |  | |  | |           |\   \  /   / 
   |   (----`|  |__   |  |_)  |    |  |__   |   \|  | |  | `---|  |----` \   \/   /  
    \   \    |   __|  |      /     |   __|  |  . `  | |  |     |  |       \_    _/   
.----)   |   |  |____ |  |\  \----.|  |____ |  |\   | |  |     |  |         |  |     
|_______/    |_______|| _| `._____||_______||__| \__| |__|     |__|         |__|    
                                                                                     
 News and tutorials at http://www.serenity-bdd.info                                  
 Documentation at https://wakaleo.gitbooks.io/the-serenity-book/content/             
 Join the Serenity Community on Gitter: https://gitter.im/serenity-bdd/serenity-core 
 Serenity BDD Support and Training at http://serenity-bdd.info/#/trainingandsupport  
-------------------------------------------------------------------------------------

12:03:38.908 [main] DEBUG net.thucydides.core.steps.StepEventBus - Test suite started for story net.thucydides.core.model.Story@8968bd7a
12:03:38.916 [main] INFO  - Test Suite Started: Vaccination Bookings
12:03:38.951 [main] INFO io.cucumber.core.plugin.SerenityReporter - Running feature from file:///C:/Users/ponda/Downloads/Video/Web_Automation/src/test/resources/features/vaccine_stock.feature
12:03:38.971 [main] DEBUG net.thucydides.core.steps.StepEventBus - Test suite started for story net.thucydides.core.model.Story@7da66dd6
12:03:38.972 [main] INFO  - Test Suite Started: Vaccine Stock
12:03:38.974 [main] INFO io.cucumber.core.plugin.SerenityReporter - Running feature from file:///C:/Users/ponda/Downloads/Video/Web_Automation/src/test/resources/features/vaccination_bookings.feature
12:03:38.984 [main] DEBUG net.thucydides.core.steps.StepEventBus - Test suite started for story net.thucydides.core.model.Story@8968bd7a
12:03:38.985 [main] INFO  - Test Suite Started: Vaccination Bookings

Scenario Outline: Update vaccination booking's status                                  &amp#27;[90m# src/test/resources/features/vaccination_bookings.feature:16&amp#27;[0m
12:03:39.429 [main] INFO io.cucumber.core.plugin.SerenityReporter - Running feature from file:///C:/Users/ponda/Downloads/Video/Web_Automation/src/test/resources/features/vaccination_bookings.feature
12:03:39.847 [main] INFO  - 
  _____   ___   ___   _____     ___   _____     _     ___   _____   ___   ___  
 |_   _| | __| / __| |_   _|   / __| |_   _|   /_\   | _ \ |_   _| | __| |   \ 
   | |   | _|  \__ \   | |     \__ \   | |    / _ \  |   /   | |   | _|  | |) |
   |_|   |___| |___/   |_|     |___/   |_|   /_/ \_\ |_|_\   |_|   |___| |___/ 

Update vaccination booking's status(vaccination-bookings;update-vaccination-booking-s-status)
--------------------------------------------------------------------------------
12:03:40.897 [main] INFO net.serenitybdd.core.webdriver.driverproviders.ChromeDriverProvider - Using automatically driver download
12:03:43.677 [main] DEBUG io.github.bonigarcia.wdm.cache.ResolutionCache - Resolution chrome=103 in cache (valid until 12:57:45 19/07/2022 WIB)
12:03:43.716 [main] DEBUG io.github.bonigarcia.wdm.cache.ResolutionCache - Resolution chrome103=103.0.5060.53 in cache (valid until 09:25:39 20/07/2022 WIB)
12:03:43.730 [main] INFO io.github.bonigarcia.wdm.WebDriverManager - Using chromedriver 103.0.5060.53 (resolved driver for Chrome 103)
12:03:43.796 [main] DEBUG io.github.bonigarcia.wdm.WebDriverManager - Driver chromedriver 103.0.5060.53 found in cache
12:03:43.802 [main] INFO io.github.bonigarcia.wdm.WebDriverManager - Exporting webdriver.chrome.driver as C:\Users\ponda\.cache\selenium\chromedriver\win32\103.0.5060.53\chromedriver.exe
12:03:45.364 [main] DEBUG net.thucydides.core.reflection.ClassFinder - Could not load class .CucumberTestSuite
12:03:45.365 [main] DEBUG net.thucydides.core.reflection.ClassFinder - Could not load class .starter.pages.addFamMember
12:03:45.365 [main] DEBUG net.thucydides.core.reflection.ClassFinder - Could not load class .starter.pages.admin.login_admin
12:03:45.365 [main] DEBUG net.thucydides.core.reflection.ClassFinder - Could not load class .starter.pages.admin.sessionAvailability
12:03:45.365 [main] DEBUG net.thucydides.core.reflection.ClassFinder - Could not load class .starter.pages.admin.vaccination_booking
12:03:45.366 [main] DEBUG net.thucydides.core.reflection.ClassFinder - Could not load class .starter.pages.admin.vaccination_stock
12:03:45.366 [main] DEBUG net.thucydides.core.reflection.ClassFinder - Could not load class .starter.pages.dashboardPage
12:03:45.366 [main] DEBUG net.thucydides.core.reflection.ClassFinder - Could not load class .starter.pages.loginPage
12:03:45.366 [main] DEBUG net.thucydides.core.reflection.ClassFinder - Could not load class .starter.pages.registerPage
12:03:45.366 [main] DEBUG net.thucydides.core.reflection.ClassFinder - Could not load class .starter.stepdefinitions.addFamilyMemSteps
12:03:45.366 [main] DEBUG net.thucydides.core.reflection.ClassFinder - Could not load class .starter.stepdefinitions.loginSteps
12:03:45.367 [main] DEBUG net.thucydides.core.reflection.ClassFinder - Could not load class .starter.stepdefinitions.login_adminSteps
12:03:45.367 [main] DEBUG net.thucydides.core.reflection.ClassFinder - Could not load class .starter.stepdefinitions.registerSteps
12:03:45.367 [main] DEBUG net.thucydides.core.reflection.ClassFinder - Could not load class .starter.stepdefinitions.sessionAvailSteps
12:03:45.367 [main] DEBUG net.thucydides.core.reflection.ClassFinder - Could not load class .starter.stepdefinitions.vaccinationBookingSteps
12:03:45.368 [main] DEBUG net.thucydides.core.reflection.ClassFinder - Could not load class .starter.stepdefinitions.vaccineStockSteps
12:03:45.369 [main] DEBUG net.thucydides.core.reflection.ClassFinder - Could not load class META-INF.versions.9.com.sun.istack.logging.StackHelper
12:03:45.370 [main] DEBUG net.thucydides.core.reflection.ClassFinder - Could not load class META-INF.versions.9.com.sun.xml.bind.v2.runtime.reflect.opt.AccessorInjector
12:03:45.371 [main] DEBUG net.thucydides.core.reflection.ClassFinder - Could not load class META-INF.versions.9.com.sun.xml.bind.v2.runtime.reflect.opt.Injector
12:03:45.373 [main] DEBUG net.thucydides.core.reflection.ClassFinder - Could not load class META-INF.versions.9.com.sun.xml.bind.v2.runtime.reflect.opt.OptimizedAccessorFactory
12:03:45.374 [main] DEBUG net.thucydides.core.reflection.ClassFinder - Could not load class META-INF.versions.9.com.sun.xml.bind.v2.runtime.reflect.opt.OptimizedTransducedAccessorFactory
12:03:45.375 [main] DEBUG net.thucydides.core.reflection.ClassFinder - Could not load class META-INF.versions.9.io.opentelemetry.sdk.internal.CurrentJavaVersionSpecific
12:03:45.376 [main] DEBUG net.thucydides.core.reflection.ClassFinder - Could not load class META-INF.versions.9.io.opentelemetry.sdk.internal.Java9VersionSpecific
12:03:45.377 [main] DEBUG net.thucydides.core.reflection.ClassFinder - Could not load class META-INF.versions.9.javax.xml.bind.ModuleUtil
12:03:45.378 [main] DEBUG net.thucydides.core.reflection.ClassFinder - Could not load class META-INF.versions.9.module-info
12:03:45.381 [main] DEBUG net.thucydides.core.reflection.ClassFinder - Could not load class META-INF.versions.9.org.junit.platform.commons.util.ModuleUtils
12:03:46.445 [main] DEBUG net.thucydides.core.reflection.ClassFinder - Could not load class com.google.gson.internal.
12:03:47.036 [main] DEBUG net.thucydides.core.reflection.ClassFinder - Could not load class com.sun.xml.bind.v2.runtime.output.FastInfosetStreamWriterOutput
12:03:48.553 [main] DEBUG net.thucydides.core.reflection.ClassFinder - Could not load class module-info
12:03:57.778 [main] DEBUG io.netty.util.internal.logging.InternalLoggerFactory - Using SLF4J as the default logging framework
12:03:57.788 [main] DEBUG io.netty.util.ResourceLeakDetector - -Dio.netty.leakDetection.level: simple
12:03:57.788 [main] DEBUG io.netty.util.ResourceLeakDetector - -Dio.netty.leakDetection.targetRecords: 4
12:03:57.799 [main] DEBUG io.netty.util.ResourceLeakDetectorFactory - Loaded default ResourceLeakDetector: io.netty.util.ResourceLeakDetector@6ea48ca1
12:03:57.854 [main] DEBUG io.netty.util.internal.PlatformDependent0 - -Dio.netty.noUnsafe: false
12:03:57.854 [main] DEBUG io.netty.util.internal.PlatformDependent0 - Java version: 15
12:03:57.857 [main] DEBUG io.netty.util.internal.PlatformDependent0 - sun.misc.Unsafe.theUnsafe: available
12:03:57.859 [main] DEBUG io.netty.util.internal.PlatformDependent0 - sun.misc.Unsafe.copyMemory: available
12:03:57.860 [main] DEBUG io.netty.util.internal.PlatformDependent0 - java.nio.Buffer.address: available
12:03:57.862 [main] DEBUG io.netty.util.internal.PlatformDependent0 - direct buffer constructor: unavailable: Reflective setAccessible(true) disabled
12:03:57.864 [main] DEBUG io.netty.util.internal.PlatformDependent0 - java.nio.Bits.unaligned: available, true
12:03:57.868 [main] DEBUG io.netty.util.internal.PlatformDependent0 - jdk.internal.misc.Unsafe.allocateUninitializedArray(int): unavailable: class io.netty.util.internal.PlatformDependent0$6 cannot access class jdk.internal.misc.Unsafe (in module java.base) because module java.base does not export jdk.internal.misc to unnamed module @70e0accd
12:03:57.872 [main] DEBUG io.netty.util.internal.PlatformDependent0 - java.nio.DirectByteBuffer.<init>(long, int): unavailable
12:03:57.872 [main] DEBUG io.netty.util.internal.PlatformDependent - sun.misc.Unsafe: available
12:03:57.880 [main] DEBUG io.netty.util.internal.PlatformDependent - maxDirectMemory: 2000683008 bytes (maybe)
12:03:57.880 [main] DEBUG io.netty.util.internal.PlatformDependent - -Dio.netty.tmpdir: C:\Users\ponda\AppData\Local\Temp (java.io.tmpdir)
12:03:57.881 [main] DEBUG io.netty.util.internal.PlatformDependent - -Dio.netty.bitMode: 64 (sun.arch.data.model)
12:03:57.882 [main] DEBUG io.netty.util.internal.PlatformDependent - Platform: Windows
12:03:57.884 [main] DEBUG io.netty.util.internal.PlatformDependent - -Dio.netty.maxDirectMemory: -1 bytes
12:03:57.884 [main] DEBUG io.netty.util.internal.PlatformDependent - -Dio.netty.uninitializedArrayAllocationThreshold: -1
12:03:57.887 [main] DEBUG io.netty.util.internal.CleanerJava9 - java.nio.ByteBuffer.cleaner(): available
12:03:57.888 [main] DEBUG io.netty.util.internal.PlatformDependent - -Dio.netty.noPreferDirect: false
12:03:57.914 [main] DEBUG io.netty.util.internal.PlatformDependent - org.jctools-core.MpscChunkedArrayQueue: available
12:03:57.974 [main] DEBUG io.netty.util.internal.InternalThreadLocalMap - -Dio.netty.threadLocalMap.stringBuilder.initialSize: 1024
12:03:57.975 [main] DEBUG io.netty.util.internal.InternalThreadLocalMap - -Dio.netty.threadLocalMap.stringBuilder.maxSize: 4096
12:03:58.089 [main] DEBUG io.netty.handler.ssl.JdkSslContext - Default protocols (JDK): [TLSv1.3, TLSv1.2, TLSv1.1, TLSv1] 
12:03:58.092 [main] DEBUG io.netty.handler.ssl.JdkSslContext - Default cipher suites (JDK): [TLS_ECDHE_ECDSA_WITH_AES_256_GCM_SHA384, TLS_ECDHE_ECDSA_WITH_AES_128_GCM_SHA256, TLS_ECDHE_RSA_WITH_AES_128_GCM_SHA256, TLS_ECDHE_RSA_WITH_AES_256_GCM_SHA384, TLS_ECDHE_RSA_WITH_AES_128_CBC_SHA, TLS_ECDHE_RSA_WITH_AES_256_CBC_SHA, TLS_RSA_WITH_AES_128_GCM_SHA256, TLS_RSA_WITH_AES_128_CBC_SHA, TLS_RSA_WITH_AES_256_CBC_SHA, TLS_AES_128_GCM_SHA256, TLS_AES_256_GCM_SHA384]
12:03:58.178 [main] DEBUG io.netty.channel.MultithreadEventLoopGroup - -Dio.netty.eventLoopThreads: 4
12:03:58.208 [main] DEBUG io.netty.channel.nio.NioEventLoop - -Dio.netty.noKeySetOptimization: false
12:03:58.209 [main] DEBUG io.netty.channel.nio.NioEventLoop - -Dio.netty.selectorAutoRebuildThreshold: 512
12:03:58.324 [main] DEBUG io.netty.buffer.PooledByteBufAllocator - -Dio.netty.allocator.numHeapArenas: 4
12:03:58.325 [main] DEBUG io.netty.buffer.PooledByteBufAllocator - -Dio.netty.allocator.numDirectArenas: 4
12:03:58.326 [main] DEBUG io.netty.buffer.PooledByteBufAllocator - -Dio.netty.allocator.pageSize: 8192
12:03:58.326 [main] DEBUG io.netty.buffer.PooledByteBufAllocator - -Dio.netty.allocator.maxOrder: 11
12:03:58.326 [main] DEBUG io.netty.buffer.PooledByteBufAllocator - -Dio.netty.allocator.chunkSize: 16777216
12:03:58.326 [main] DEBUG io.netty.buffer.PooledByteBufAllocator - -Dio.netty.allocator.smallCacheSize: 256
12:03:58.326 [main] DEBUG io.netty.buffer.PooledByteBufAllocator - -Dio.netty.allocator.normalCacheSize: 64
12:03:58.331 [main] DEBUG io.netty.buffer.PooledByteBufAllocator - -Dio.netty.allocator.maxCachedBufferCapacity: 32768
12:03:58.335 [main] DEBUG io.netty.buffer.PooledByteBufAllocator - -Dio.netty.allocator.cacheTrimInterval: 8192
12:03:58.335 [main] DEBUG io.netty.buffer.PooledByteBufAllocator - -Dio.netty.allocator.cacheTrimIntervalMillis: 0
12:03:58.335 [main] DEBUG io.netty.buffer.PooledByteBufAllocator - -Dio.netty.allocator.useCacheForAllThreads: true
12:03:58.335 [main] DEBUG io.netty.buffer.PooledByteBufAllocator - -Dio.netty.allocator.maxCachedByteBuffersPerChunk: 1023
12:03:58.358 [main] DEBUG io.netty.buffer.ByteBufUtil - -Dio.netty.allocator.type: pooled
12:03:58.358 [main] DEBUG io.netty.buffer.ByteBufUtil - -Dio.netty.threadLocalDirectBufferSize: 0
12:03:58.358 [main] DEBUG io.netty.buffer.ByteBufUtil - -Dio.netty.maxThreadLocalCharBufferSize: 16384
12:03:58.900 [main] DEBUG net.serenitybdd.core.webdriver.driverproviders.ProvideNewDriver - Instantiating driver
12:03:58.900 [main] DEBUG net.serenitybdd.core.webdriver.driverproviders.ProvideNewDriver - Driver capabilities: Capabilities {acceptInsecureCerts: false, base.url: https://evizy-app.netlify.app, browserName: chrome, chrome.driver: src/test/resources/webdrive..., driver: chrome, goog:chromeOptions: {args: [], extensions: []}}
12:04:00.013 [Forwarding newSession on session null to remote] DEBUG io.netty.channel.DefaultChannelId - -Dio.netty.processId: 25648 (auto-detected)
12:04:00.018 [Forwarding newSession on session null to remote] DEBUG io.netty.util.NetUtil - -Djava.net.preferIPv4Stack: false
12:04:00.018 [Forwarding newSession on session null to remote] DEBUG io.netty.util.NetUtil - -Djava.net.preferIPv6Addresses: false
12:04:00.047 [Forwarding newSession on session null to remote] DEBUG io.netty.util.NetUtilInitializations - Loopback interface: lo (Software Loopback Interface 1, 127.0.0.1)
12:04:00.055 [Forwarding newSession on session null to remote] DEBUG io.netty.util.NetUtil - Failed to get SOMAXCONN from sysctl and file \proc\sys\net\core\somaxconn. Default: 200
12:04:00.151 [Forwarding newSession on session null to remote] DEBUG io.netty.channel.DefaultChannelId - -Dio.netty.machineId: b0:a4:60:ff:fe:51:c9:7b (auto-detected)
12:04:00.267 [AsyncHttpClient-1-2] DEBUG io.netty.buffer.AbstractByteBuf - -Dio.netty.buffer.checkAccessible: true
12:04:00.267 [AsyncHttpClient-1-2] DEBUG io.netty.buffer.AbstractByteBuf - -Dio.netty.buffer.checkBounds: true
12:04:00.267 [AsyncHttpClient-1-2] DEBUG io.netty.util.ResourceLeakDetectorFactory - Loaded default ResourceLeakDetector: io.netty.util.ResourceLeakDetector@5633af93
12:04:00.303 [AsyncHttpClient-1-2] DEBUG org.asynchttpclient.netty.channel.NettyConnectListener - Using new Channel '[id: 0x1d89c032, L:/127.0.0.1:62381 - R:localhost/127.0.0.1:59841]' for 'POST' to '/session'
12:04:00.344 [AsyncHttpClient-1-2] DEBUG io.netty.util.Recycler - -Dio.netty.recycler.maxCapacityPerThread: 4096
12:04:00.344 [AsyncHttpClient-1-2] DEBUG io.netty.util.Recycler - -Dio.netty.recycler.ratio: 8
12:04:00.344 [AsyncHttpClient-1-2] DEBUG io.netty.util.Recycler - -Dio.netty.recycler.chunkSize: 32
12:04:00.345 [AsyncHttpClient-1-2] DEBUG io.netty.util.Recycler - -Dio.netty.recycler.blocking: false
12:04:02.914 [AsyncHttpClient-1-2] DEBUG io.netty.handler.codec.compression.Brotli - brotli4j not in the classpath; Brotli support will be unavailable.
12:04:02.914 [AsyncHttpClient-1-2] DEBUG org.asynchttpclient.netty.handler.HttpHandler - 

Request DefaultHttpRequest(decodeResult: success, version: HTTP/1.1)
POST /session HTTP/1.1
User-Agent: selenium/4.1.2 (java windows)
Content-Length: 610
Content-Type: application/json; charset=utf-8
host: localhost:59841
accept: */*

Response DefaultHttpResponse(decodeResult: success, version: HTTP/1.1)
HTTP/1.1 200 OK
Content-Type: application/json; charset=utf-8
cache-control: no-cache
content-length: 791

12:04:02.943 [AsyncHttpClient-1-2] DEBUG org.asynchttpclient.netty.channel.ChannelManager - Adding key: http://localhost:59841 for channel [id: 0x1d89c032, L:/127.0.0.1:62381 - R:localhost/127.0.0.1:59841]
12:04:03.244 [AsyncHttpClient-1-3] DEBUG org.asynchttpclient.netty.channel.NettyConnectListener - Using new Channel '[id: 0x306f3d7c, L:/127.0.0.1:62389 - R:localhost/127.0.0.1:62382]' for 'GET' to '/json/version'
12:04:03.259 [AsyncHttpClient-1-3] DEBUG org.asynchttpclient.netty.handler.HttpHandler - 

Request DefaultFullHttpRequest(decodeResult: success, version: HTTP/1.1, content: EmptyByteBufBE)
GET /json/version HTTP/1.1
User-Agent: selenium/4.1.2 (java windows)
host: localhost:62382
accept: */*

Response DefaultHttpResponse(decodeResult: success, version: HTTP/1.1)
HTTP/1.1 200 OK
Content-Type: application/json; charset=UTF-8
content-length: 429

12:04:03.260 [AsyncHttpClient-1-3] DEBUG org.asynchttpclient.netty.channel.ChannelManager - Adding key: http://localhost:62382 for channel [id: 0x306f3d7c, L:/127.0.0.1:62389 - R:localhost/127.0.0.1:62382]
12:04:03.276 [main] DEBUG io.netty.util.internal.ThreadLocalRandom - -Dio.netty.initialSeedUniquifier: 0xa59719ce9bbd4b93
12:04:03.378 [AsyncHttpClient-1-4] DEBUG org.asynchttpclient.netty.channel.NettyConnectListener - Using new Channel '[id: 0xcaaae31c, L:/127.0.0.1:62391 - R:localhost/127.0.0.1:62382]' for 'GET' to '/devtools/browser/fb53e301-8afe-4a1e-a828-ea57592b6d2a'
12:04:03.405 [AsyncHttpClient-1-4] DEBUG org.asynchttpclient.netty.handler.WebSocketHandler - 

Request DefaultFullHttpRequest(decodeResult: success, version: HTTP/1.1, content: EmptyByteBufBE)
GET /devtools/browser/fb53e301-8afe-4a1e-a828-ea57592b6d2a HTTP/1.1
upgrade: websocket
connection: upgrade
sec-websocket-key: Tls1EbomcrHZo8HFxjCOug==
sec-websocket-version: 13
origin: http://localhost:62382
host: localhost:62382
accept: */*
user-agent: AHC/2.1

Response DefaultHttpResponse(decodeResult: success, version: HTTP/1.1)
HTTP/1.1 101 WebSocket Protocol Handshake
Upgrade: WebSocket
Connection: Upgrade
Sec-WebSocket-Accept: EybYy5ug1pozIjm9EYyXmh0dpMw=

12:04:03.610 [Forwarding maximizeCurrentWindow on session 90b176e448e9c40e0ae63004c01877a3 to remote] DEBUG org.asynchttpclient.netty.request.NettyRequestSender - Using pooled Channel '[id: 0x1d89c032, L:/127.0.0.1:62381 - R:localhost/127.0.0.1:59841]' for 'POST' to 'http://localhost:59841/session/90b176e448e9c40e0ae63004c01877a3/window/maximize'
12:04:03.610 [Forwarding maximizeCurrentWindow on session 90b176e448e9c40e0ae63004c01877a3 to remote] DEBUG org.asynchttpclient.netty.request.NettyRequestSender - Using open Channel [id: 0x1d89c032, L:/127.0.0.1:62381 - R:localhost/127.0.0.1:59841] for POST '/session/90b176e448e9c40e0ae63004c01877a3/window/maximize'
12:04:03.777 [AsyncHttpClient-1-1] DEBUG org.asynchttpclient.netty.channel.DefaultChannelPool - Entry count for : http://localhost:62382 : 1
12:04:03.900 [AsyncHttpClient-1-2] DEBUG org.asynchttpclient.netty.handler.HttpHandler - 

Request DefaultHttpRequest(decodeResult: success, version: HTTP/1.1)
POST /session/90b176e448e9c40e0ae63004c01877a3/window/maximize HTTP/1.1
User-Agent: selenium/4.1.2 (java windows)
Content-Length: 3
Content-Type: application/json; charset=utf-8
host: localhost:59841
accept: */*

Response DefaultHttpResponse(decodeResult: success, version: HTTP/1.1)
HTTP/1.1 200 OK
Content-Type: application/json; charset=utf-8
cache-control: no-cache
content-length: 51

12:04:03.902 [AsyncHttpClient-1-2] DEBUG org.asynchttpclient.netty.channel.ChannelManager - Adding key: http://localhost:59841 for channel [id: 0x1d89c032, L:/127.0.0.1:62381 - R:localhost/127.0.0.1:59841]
12:04:04.851 [AsyncHttpClient-1-1] DEBUG org.asynchttpclient.netty.channel.DefaultChannelPool - Entry count for : http://localhost:62382 : 1
12:04:04.851 [AsyncHttpClient-1-1] DEBUG org.asynchttpclient.netty.channel.DefaultChannelPool - Entry count for : http://localhost:59841 : 1
12:04:05.934 [main] DEBUG net.thucydides.core.reflection.ClassFinder - Could not load class .CucumberTestSuite
12:04:05.935 [main] DEBUG net.thucydides.core.reflection.ClassFinder - Could not load class .starter.pages.addFamMember
12:04:05.937 [main] DEBUG net.thucydides.core.reflection.ClassFinder - Could not load class .starter.pages.admin.login_admin
12:04:05.942 [main] DEBUG net.thucydides.core.reflection.ClassFinder - Could not load class .starter.pages.admin.sessionAvailability
12:04:05.947 [main] DEBUG net.thucydides.core.reflection.ClassFinder - Could not load class .starter.pages.admin.vaccination_booking
12:04:05.947 [main] DEBUG net.thucydides.core.reflection.ClassFinder - Could not load class .starter.pages.admin.vaccination_stock
12:04:05.947 [main] DEBUG net.thucydides.core.reflection.ClassFinder - Could not load class .starter.pages.dashboardPage
12:04:05.947 [main] DEBUG net.thucydides.core.reflection.ClassFinder - Could not load class .starter.pages.loginPage
12:04:05.947 [main] DEBUG net.thucydides.core.reflection.ClassFinder - Could not load class .starter.pages.registerPage
12:04:05.947 [main] DEBUG net.thucydides.core.reflection.ClassFinder - Could not load class .starter.stepdefinitions.addFamilyMemSteps
12:04:05.947 [main] DEBUG net.thucydides.core.reflection.ClassFinder - Could not load class .starter.stepdefinitions.loginSteps
12:04:05.947 [main] DEBUG net.thucydides.core.reflection.ClassFinder - Could not load class .starter.stepdefinitions.login_adminSteps
12:04:05.981 [main] DEBUG net.thucydides.core.reflection.ClassFinder - Could not load class .starter.stepdefinitions.registerSteps
12:04:05.982 [main] DEBUG net.thucydides.core.reflection.ClassFinder - Could not load class .starter.stepdefinitions.sessionAvailSteps
12:04:05.982 [main] DEBUG net.thucydides.core.reflection.ClassFinder - Could not load class .starter.stepdefinitions.vaccinationBookingSteps
12:04:05.982 [main] DEBUG net.thucydides.core.reflection.ClassFinder - Could not load class .starter.stepdefinitions.vaccineStockSteps
12:04:05.983 [main] DEBUG net.thucydides.core.reflection.ClassFinder - Could not load class META-INF.versions.9.com.sun.istack.logging.StackHelper
12:04:05.984 [main] DEBUG net.thucydides.core.reflection.ClassFinder - Could not load class META-INF.versions.9.com.sun.xml.bind.v2.runtime.reflect.opt.AccessorInjector
12:04:05.985 [main] DEBUG net.thucydides.core.reflection.ClassFinder - Could not load class META-INF.versions.9.com.sun.xml.bind.v2.runtime.reflect.opt.Injector
12:04:05.986 [main] DEBUG net.thucydides.core.reflection.ClassFinder - Could not load class META-INF.versions.9.com.sun.xml.bind.v2.runtime.reflect.opt.OptimizedAccessorFactory
12:04:05.988 [main] DEBUG net.thucydides.core.reflection.ClassFinder - Could not load class META-INF.versions.9.com.sun.xml.bind.v2.runtime.reflect.opt.OptimizedTransducedAccessorFactory
12:04:05.989 [main] DEBUG net.thucydides.core.reflection.ClassFinder - Could not load class META-INF.versions.9.io.opentelemetry.sdk.internal.CurrentJavaVersionSpecific
12:04:05.990 [main] DEBUG net.thucydides.core.reflection.ClassFinder - Could not load class META-INF.versions.9.io.opentelemetry.sdk.internal.Java9VersionSpecific
12:04:05.992 [AsyncHttpClient-1-1] DEBUG org.asynchttpclient.netty.channel.DefaultChannelPool - Entry count for : http://localhost:62382 : 1
12:04:05.993 [AsyncHttpClient-1-1] DEBUG org.asynchttpclient.netty.channel.DefaultChannelPool - Entry count for : http://localhost:59841 : 1
12:04:05.991 [main] DEBUG net.thucydides.core.reflection.ClassFinder - Could not load class META-INF.versions.9.javax.xml.bind.ModuleUtil
12:04:05.993 [main] DEBUG net.thucydides.core.reflection.ClassFinder - Could not load class META-INF.versions.9.module-info
12:04:05.995 [main] DEBUG net.thucydides.core.reflection.ClassFinder - Could not load class META-INF.versions.9.org.junit.platform.commons.util.ModuleUtils
12:04:06.000 [main] DEBUG net.thucydides.core.reflection.ClassFinder - Could not load class com.google.gson.internal.
12:04:06.002 [main] DEBUG net.thucydides.core.reflection.ClassFinder - Could not load class com.sun.xml.bind.v2.runtime.output.FastInfosetStreamWriterOutput
12:04:06.008 [main] DEBUG net.thucydides.core.reflection.ClassFinder - Could not load class module-info
12:04:06.070 [Forwarding get on session 90b176e448e9c40e0ae63004c01877a3 to remote] DEBUG org.asynchttpclient.netty.request.NettyRequestSender - Using pooled Channel '[id: 0x1d89c032, L:/127.0.0.1:62381 - R:localhost/127.0.0.1:59841]' for 'POST' to 'http://localhost:59841/session/90b176e448e9c40e0ae63004c01877a3/url'
12:04:06.142 [Forwarding get on session 90b176e448e9c40e0ae63004c01877a3 to remote] DEBUG org.asynchttpclient.netty.request.NettyRequestSender - Using open Channel [id: 0x1d89c032, L:/127.0.0.1:62381 - R:localhost/127.0.0.1:59841] for POST '/session/90b176e448e9c40e0ae63004c01877a3/url'
12:04:07.396 [AsyncHttpClient-1-1] DEBUG org.asynchttpclient.netty.channel.DefaultChannelPool - Entry count for : http://localhost:62382 : 1
12:04:08.520 [AsyncHttpClient-1-1] DEBUG org.asynchttpclient.netty.channel.DefaultChannelPool - Entry count for : http://localhost:62382 : 1
12:04:08.769 [AsyncHttpClient-1-2] DEBUG org.asynchttpclient.netty.handler.HttpHandler - 

Request DefaultHttpRequest(decodeResult: success, version: HTTP/1.1)
POST /session/90b176e448e9c40e0ae63004c01877a3/url HTTP/1.1
User-Agent: selenium/4.1.2 (java windows)
Content-Length: 76
Content-Type: application/json; charset=utf-8
host: localhost:59841
accept: */*

Response DefaultHttpResponse(decodeResult: success, version: HTTP/1.1)
HTTP/1.1 200 OK
Content-Type: application/json; charset=utf-8
cache-control: no-cache
content-length: 14

12:04:08.770 [AsyncHttpClient-1-2] DEBUG org.asynchttpclient.netty.channel.ChannelManager - Adding key: http://localhost:59841 for channel [id: 0x1d89c032, L:/127.0.0.1:62381 - R:localhost/127.0.0.1:59841]
12:04:08.798 [Forwarding setTimeout on session 90b176e448e9c40e0ae63004c01877a3 to remote] DEBUG org.asynchttpclient.netty.request.NettyRequestSender - Using pooled Channel '[id: 0x1d89c032, L:/127.0.0.1:62381 - R:localhost/127.0.0.1:59841]' for 'POST' to 'http://localhost:59841/session/90b176e448e9c40e0ae63004c01877a3/timeouts'
12:04:08.798 [Forwarding setTimeout on session 90b176e448e9c40e0ae63004c01877a3 to remote] DEBUG org.asynchttpclient.netty.request.NettyRequestSender - Using open Channel [id: 0x1d89c032, L:/127.0.0.1:62381 - R:localhost/127.0.0.1:59841] for POST '/session/90b176e448e9c40e0ae63004c01877a3/timeouts'
12:04:08.827 [AsyncHttpClient-1-2] DEBUG org.asynchttpclient.netty.handler.HttpHandler - 

Request DefaultHttpRequest(decodeResult: success, version: HTTP/1.1)
POST /session/90b176e448e9c40e0ae63004c01877a3/timeouts HTTP/1.1
User-Agent: selenium/4.1.2 (java windows)
Content-Length: 22
Content-Type: application/json; charset=utf-8
host: localhost:59841
accept: */*

Response DefaultHttpResponse(decodeResult: success, version: HTTP/1.1)
HTTP/1.1 200 OK
Content-Type: application/json; charset=utf-8
cache-control: no-cache
content-length: 14

12:04:08.828 [AsyncHttpClient-1-2] DEBUG org.asynchttpclient.netty.channel.ChannelManager - Adding key: http://localhost:59841 for channel [id: 0x1d89c032, L:/127.0.0.1:62381 - R:localhost/127.0.0.1:59841]
12:04:08.862 [Forwarding getCurrentUrl on session 90b176e448e9c40e0ae63004c01877a3 to remote] DEBUG org.asynchttpclient.netty.request.NettyRequestSender - Using pooled Channel '[id: 0x1d89c032, L:/127.0.0.1:62381 - R:localhost/127.0.0.1:59841]' for 'GET' to 'http://localhost:59841/session/90b176e448e9c40e0ae63004c01877a3/url'
12:04:08.862 [Forwarding getCurrentUrl on session 90b176e448e9c40e0ae63004c01877a3 to remote] DEBUG org.asynchttpclient.netty.request.NettyRequestSender - Using open Channel [id: 0x1d89c032, L:/127.0.0.1:62381 - R:localhost/127.0.0.1:59841] for GET '/session/90b176e448e9c40e0ae63004c01877a3/url'
12:04:08.876 [AsyncHttpClient-1-2] DEBUG org.asynchttpclient.netty.handler.HttpHandler - 

Request DefaultFullHttpRequest(decodeResult: success, version: HTTP/1.1, content: EmptyByteBufBE)
GET /session/90b176e448e9c40e0ae63004c01877a3/url HTTP/1.1
User-Agent: selenium/4.1.2 (java windows)
Cache-Control: no-cache
Content-Type: application/json; charset=utf-8
host: localhost:59841
accept: */*

Response DefaultHttpResponse(decodeResult: success, version: HTTP/1.1)
HTTP/1.1 200 OK
Content-Type: application/json; charset=utf-8
cache-control: no-cache
content-length: 53

12:04:08.878 [AsyncHttpClient-1-2] DEBUG org.asynchttpclient.netty.channel.ChannelManager - Adding key: http://localhost:59841 for channel [id: 0x1d89c032, L:/127.0.0.1:62381 - R:localhost/127.0.0.1:59841]
  &amp#27;[32mGiven &amp#27;[0m&amp#27;[32mI am on Evizy login admin page for vaccination session&amp#27;[0m                         &amp#27;[90m# starter.stepdefinitions.sessionAvailSteps.iAmOnEvizyLoginAdminPageForVaccinationSession()&amp#27;[0m
12:04:09.096 [main] DEBUG net.serenitybdd.core.photography.Darkroom - Opening darkroom
12:04:09.104 [Forwarding screenshot on session 90b176e448e9c40e0ae63004c01877a3 to remote] DEBUG org.asynchttpclient.netty.request.NettyRequestSender - Using pooled Channel '[id: 0x1d89c032, L:/127.0.0.1:62381 - R:localhost/127.0.0.1:59841]' for 'GET' to 'http://localhost:59841/session/90b176e448e9c40e0ae63004c01877a3/screenshot'
12:04:09.114 [Forwarding screenshot on session 90b176e448e9c40e0ae63004c01877a3 to remote] DEBUG org.asynchttpclient.netty.request.NettyRequestSender - Using open Channel [id: 0x1d89c032, L:/127.0.0.1:62381 - R:localhost/127.0.0.1:59841] for GET '/session/90b176e448e9c40e0ae63004c01877a3/screenshot'
12:04:09.139 [Darkroom Processing Line] DEBUG net.serenitybdd.core.photography.DarkroomProcessingLine - Darkroom processing line starting up
12:04:09.639 [AsyncHttpClient-1-1] DEBUG org.asynchttpclient.netty.channel.DefaultChannelPool - Entry count for : http://localhost:62382 : 1
12:04:10.226 [AsyncHttpClient-1-2] DEBUG org.asynchttpclient.netty.handler.HttpHandler - 

Request DefaultFullHttpRequest(decodeResult: success, version: HTTP/1.1, content: EmptyByteBufBE)
GET /session/90b176e448e9c40e0ae63004c01877a3/screenshot HTTP/1.1
User-Agent: selenium/4.1.2 (java windows)
Cache-Control: no-cache
Content-Type: application/json; charset=utf-8
host: localhost:59841
accept: */*

Response DefaultHttpResponse(decodeResult: success, version: HTTP/1.1)
HTTP/1.1 200 OK
Content-Type: application/json; charset=utf-8
cache-control: no-cache
content-length: 665208

12:04:10.249 [AsyncHttpClient-1-2] DEBUG org.asynchttpclient.netty.channel.ChannelManager - Adding key: http://localhost:59841 for channel [id: 0x1d89c032, L:/127.0.0.1:62381 - R:localhost/127.0.0.1:59841]
12:04:10.713 [main] DEBUG net.serenitybdd.core.photography.Darkroom - Send negative for processing for target\site\serenity\2c1f36d9ed6d83a040ce305829ae3d5aa2ca8176a2ab04dc3bb248570b46c122.png
12:04:10.715 [Darkroom Processing Line] DEBUG net.serenitybdd.core.photography.DarkroomProcessingLine - Processing screenshot image in /var/screenshots/screenshot-14162151438393792782
12:04:10.715 [Darkroom Processing Line] DEBUG net.serenitybdd.core.photography.DarkroomProcessingLine - Saving screenshot to target\site\serenity\2c1f36d9ed6d83a040ce305829ae3d5aa2ca8176a2ab04dc3bb248570b46c122.png
12:04:10.731 [AsyncHttpClient-1-1] DEBUG org.asynchttpclient.netty.channel.DefaultChannelPool - Entry count for : http://localhost:62382 : 1
12:04:10.731 [AsyncHttpClient-1-1] DEBUG org.asynchttpclient.netty.channel.DefaultChannelPool - Entry count for : http://localhost:59841 : 1
12:04:10.773 [Forwarding findElement on session 90b176e448e9c40e0ae63004c01877a3 to remote] DEBUG org.asynchttpclient.netty.request.NettyRequestSender - Using pooled Channel '[id: 0x1d89c032, L:/127.0.0.1:62381 - R:localhost/127.0.0.1:59841]' for 'POST' to 'http://localhost:59841/session/90b176e448e9c40e0ae63004c01877a3/element'
12:04:10.773 [Forwarding findElement on session 90b176e448e9c40e0ae63004c01877a3 to remote] DEBUG org.asynchttpclient.netty.request.NettyRequestSender - Using open Channel [id: 0x1d89c032, L:/127.0.0.1:62381 - R:localhost/127.0.0.1:59841] for POST '/session/90b176e448e9c40e0ae63004c01877a3/element'
12:04:10.814 [AsyncHttpClient-1-2] DEBUG org.asynchttpclient.netty.handler.HttpHandler - 

Request DefaultHttpRequest(decodeResult: success, version: HTTP/1.1)
POST /session/90b176e448e9c40e0ae63004c01877a3/element HTTP/1.1
User-Agent: selenium/4.1.2 (java windows)
Content-Length: 70
Content-Type: application/json; charset=utf-8
host: localhost:59841
accept: */*

Response DefaultHttpResponse(decodeResult: success, version: HTTP/1.1)
HTTP/1.1 200 OK
Content-Type: application/json; charset=utf-8
cache-control: no-cache
content-length: 88

12:04:10.814 [AsyncHttpClient-1-2] DEBUG org.asynchttpclient.netty.channel.ChannelManager - Adding key: http://localhost:59841 for channel [id: 0x1d89c032, L:/127.0.0.1:62381 - R:localhost/127.0.0.1:59841]
12:04:10.825 [Forwarding clearElement on session 90b176e448e9c40e0ae63004c01877a3 to remote] DEBUG org.asynchttpclient.netty.request.NettyRequestSender - Using pooled Channel '[id: 0x1d89c032, L:/127.0.0.1:62381 - R:localhost/127.0.0.1:59841]' for 'POST' to 'http://localhost:59841/session/90b176e448e9c40e0ae63004c01877a3/element/cf0e24d6-6b9f-4dff-9340-716528065bc2/clear'
12:04:10.825 [Forwarding clearElement on session 90b176e448e9c40e0ae63004c01877a3 to remote] DEBUG org.asynchttpclient.netty.request.NettyRequestSender - Using open Channel [id: 0x1d89c032, L:/127.0.0.1:62381 - R:localhost/127.0.0.1:59841] for POST '/session/90b176e448e9c40e0ae63004c01877a3/element/cf0e24d6-6b9f-4dff-9340-716528065bc2/clear'
12:04:10.936 [AsyncHttpClient-1-2] DEBUG org.asynchttpclient.netty.handler.HttpHandler - 

Request DefaultHttpRequest(decodeResult: success, version: HTTP/1.1)
POST /session/90b176e448e9c40e0ae63004c01877a3/element/cf0e24d6-6b9f-4dff-9340-716528065bc2/clear HTTP/1.1
User-Agent: selenium/4.1.2 (java windows)
Content-Length: 50
Content-Type: application/json; charset=utf-8
host: localhost:59841
accept: */*

Response DefaultHttpResponse(decodeResult: success, version: HTTP/1.1)
HTTP/1.1 200 OK
Content-Type: application/json; charset=utf-8
cache-control: no-cache
content-length: 14

12:04:10.937 [AsyncHttpClient-1-2] DEBUG org.asynchttpclient.netty.channel.ChannelManager - Adding key: http://localhost:59841 for channel [id: 0x1d89c032, L:/127.0.0.1:62381 - R:localhost/127.0.0.1:59841]
12:04:10.950 [Forwarding sendKeysToElement on session 90b176e448e9c40e0ae63004c01877a3 to remote] DEBUG org.asynchttpclient.netty.request.NettyRequestSender - Using pooled Channel '[id: 0x1d89c032, L:/127.0.0.1:62381 - R:localhost/127.0.0.1:59841]' for 'POST' to 'http://localhost:59841/session/90b176e448e9c40e0ae63004c01877a3/element/cf0e24d6-6b9f-4dff-9340-716528065bc2/value'
12:04:10.951 [Forwarding sendKeysToElement on session 90b176e448e9c40e0ae63004c01877a3 to remote] DEBUG org.asynchttpclient.netty.request.NettyRequestSender - Using open Channel [id: 0x1d89c032, L:/127.0.0.1:62381 - R:localhost/127.0.0.1:59841] for POST '/session/90b176e448e9c40e0ae63004c01877a3/element/cf0e24d6-6b9f-4dff-9340-716528065bc2/value'
12:04:11.235 [AsyncHttpClient-1-2] DEBUG org.asynchttpclient.netty.handler.HttpHandler - 

Request DefaultHttpRequest(decodeResult: success, version: HTTP/1.1)
POST /session/90b176e448e9c40e0ae63004c01877a3/element/cf0e24d6-6b9f-4dff-9340-716528065bc2/value HTTP/1.1
User-Agent: selenium/4.1.2 (java windows)
Content-Length: 181
Content-Type: application/json; charset=utf-8
host: localhost:59841
accept: */*

Response DefaultHttpResponse(decodeResult: success, version: HTTP/1.1)
HTTP/1.1 200 OK
Content-Type: application/json; charset=utf-8
cache-control: no-cache
content-length: 14

12:04:11.235 [AsyncHttpClient-1-2] DEBUG org.asynchttpclient.netty.channel.ChannelManager - Adding key: http://localhost:59841 for channel [id: 0x1d89c032, L:/127.0.0.1:62381 - R:localhost/127.0.0.1:59841]
12:04:11.251 [Forwarding findElement on session 90b176e448e9c40e0ae63004c01877a3 to remote] DEBUG org.asynchttpclient.netty.request.NettyRequestSender - Using pooled Channel '[id: 0x1d89c032, L:/127.0.0.1:62381 - R:localhost/127.0.0.1:59841]' for 'POST' to 'http://localhost:59841/session/90b176e448e9c40e0ae63004c01877a3/element'
12:04:11.251 [Forwarding findElement on session 90b176e448e9c40e0ae63004c01877a3 to remote] DEBUG org.asynchttpclient.netty.request.NettyRequestSender - Using open Channel [id: 0x1d89c032, L:/127.0.0.1:62381 - R:localhost/127.0.0.1:59841] for POST '/session/90b176e448e9c40e0ae63004c01877a3/element'
12:04:11.280 [AsyncHttpClient-1-2] DEBUG org.asynchttpclient.netty.handler.HttpHandler - 

Request DefaultHttpRequest(decodeResult: success, version: HTTP/1.1)
POST /session/90b176e448e9c40e0ae63004c01877a3/element HTTP/1.1
User-Agent: selenium/4.1.2 (java windows)
Content-Length: 70
Content-Type: application/json; charset=utf-8
host: localhost:59841
accept: */*

Response DefaultHttpResponse(decodeResult: success, version: HTTP/1.1)
HTTP/1.1 200 OK
Content-Type: application/json; charset=utf-8
cache-control: no-cache
content-length: 88

12:04:11.281 [AsyncHttpClient-1-2] DEBUG org.asynchttpclient.netty.channel.ChannelManager - Adding key: http://localhost:59841 for channel [id: 0x1d89c032, L:/127.0.0.1:62381 - R:localhost/127.0.0.1:59841]
12:04:11.286 [Forwarding clearElement on session 90b176e448e9c40e0ae63004c01877a3 to remote] DEBUG org.asynchttpclient.netty.request.NettyRequestSender - Using pooled Channel '[id: 0x1d89c032, L:/127.0.0.1:62381 - R:localhost/127.0.0.1:59841]' for 'POST' to 'http://localhost:59841/session/90b176e448e9c40e0ae63004c01877a3/element/73d273cf-0664-433a-a807-473d424d6b84/clear'
12:04:11.286 [Forwarding clearElement on session 90b176e448e9c40e0ae63004c01877a3 to remote] DEBUG org.asynchttpclient.netty.request.NettyRequestSender - Using open Channel [id: 0x1d89c032, L:/127.0.0.1:62381 - R:localhost/127.0.0.1:59841] for POST '/session/90b176e448e9c40e0ae63004c01877a3/element/73d273cf-0664-433a-a807-473d424d6b84/clear'
12:04:11.351 [AsyncHttpClient-1-2] DEBUG org.asynchttpclient.netty.handler.HttpHandler - 

Request DefaultHttpRequest(decodeResult: success, version: HTTP/1.1)
POST /session/90b176e448e9c40e0ae63004c01877a3/element/73d273cf-0664-433a-a807-473d424d6b84/clear HTTP/1.1
User-Agent: selenium/4.1.2 (java windows)
Content-Length: 50
Content-Type: application/json; charset=utf-8
host: localhost:59841
accept: */*

Response DefaultHttpResponse(decodeResult: success, version: HTTP/1.1)
HTTP/1.1 200 OK
Content-Type: application/json; charset=utf-8
cache-control: no-cache
content-length: 14

12:04:11.352 [AsyncHttpClient-1-2] DEBUG org.asynchttpclient.netty.channel.ChannelManager - Adding key: http://localhost:59841 for channel [id: 0x1d89c032, L:/127.0.0.1:62381 - R:localhost/127.0.0.1:59841]
12:04:11.360 [Forwarding sendKeysToElement on session 90b176e448e9c40e0ae63004c01877a3 to remote] DEBUG org.asynchttpclient.netty.request.NettyRequestSender - Using pooled Channel '[id: 0x1d89c032, L:/127.0.0.1:62381 - R:localhost/127.0.0.1:59841]' for 'POST' to 'http://localhost:59841/session/90b176e448e9c40e0ae63004c01877a3/element/73d273cf-0664-433a-a807-473d424d6b84/value'
12:04:11.360 [Forwarding sendKeysToElement on session 90b176e448e9c40e0ae63004c01877a3 to remote] DEBUG org.asynchttpclient.netty.request.NettyRequestSender - Using open Channel [id: 0x1d89c032, L:/127.0.0.1:62381 - R:localhost/127.0.0.1:59841] for POST '/session/90b176e448e9c40e0ae63004c01877a3/element/73d273cf-0664-433a-a807-473d424d6b84/value'
12:04:11.644 [AsyncHttpClient-1-2] DEBUG org.asynchttpclient.netty.handler.HttpHandler - 

Request DefaultHttpRequest(decodeResult: success, version: HTTP/1.1)
POST /session/90b176e448e9c40e0ae63004c01877a3/element/73d273cf-0664-433a-a807-473d424d6b84/value HTTP/1.1
User-Agent: selenium/4.1.2 (java windows)
Content-Length: 201
Content-Type: application/json; charset=utf-8
host: localhost:59841
accept: */*

Response DefaultHttpResponse(decodeResult: success, version: HTTP/1.1)
HTTP/1.1 200 OK
Content-Type: application/json; charset=utf-8
cache-control: no-cache
content-length: 14

12:04:11.645 [AsyncHttpClient-1-2] DEBUG org.asynchttpclient.netty.channel.ChannelManager - Adding key: http://localhost:59841 for channel [id: 0x1d89c032, L:/127.0.0.1:62381 - R:localhost/127.0.0.1:59841]
12:04:11.670 [Forwarding findElement on session 90b176e448e9c40e0ae63004c01877a3 to remote] DEBUG org.asynchttpclient.netty.request.NettyRequestSender - Using pooled Channel '[id: 0x1d89c032, L:/127.0.0.1:62381 - R:localhost/127.0.0.1:59841]' for 'POST' to 'http://localhost:59841/session/90b176e448e9c40e0ae63004c01877a3/element'
12:04:11.671 [Forwarding findElement on session 90b176e448e9c40e0ae63004c01877a3 to remote] DEBUG org.asynchttpclient.netty.request.NettyRequestSender - Using open Channel [id: 0x1d89c032, L:/127.0.0.1:62381 - R:localhost/127.0.0.1:59841] for POST '/session/90b176e448e9c40e0ae63004c01877a3/element'
12:04:11.699 [AsyncHttpClient-1-2] DEBUG org.asynchttpclient.netty.handler.HttpHandler - 

Request DefaultHttpRequest(decodeResult: success, version: HTTP/1.1)
POST /session/90b176e448e9c40e0ae63004c01877a3/element HTTP/1.1
User-Agent: selenium/4.1.2 (java windows)
Content-Length: 68
Content-Type: application/json; charset=utf-8
host: localhost:59841
accept: */*

Response DefaultHttpResponse(decodeResult: success, version: HTTP/1.1)
HTTP/1.1 200 OK
Content-Type: application/json; charset=utf-8
cache-control: no-cache
content-length: 88

12:04:11.699 [AsyncHttpClient-1-2] DEBUG org.asynchttpclient.netty.channel.ChannelManager - Adding key: http://localhost:59841 for channel [id: 0x1d89c032, L:/127.0.0.1:62381 - R:localhost/127.0.0.1:59841]
12:04:11.704 [Forwarding getElementTagName on session 90b176e448e9c40e0ae63004c01877a3 to remote] DEBUG org.asynchttpclient.netty.request.NettyRequestSender - Using pooled Channel '[id: 0x1d89c032, L:/127.0.0.1:62381 - R:localhost/127.0.0.1:59841]' for 'GET' to 'http://localhost:59841/session/90b176e448e9c40e0ae63004c01877a3/element/ea6a80c8-3f7e-4d03-9a54-c4155c267c8b/name'
12:04:11.705 [Forwarding getElementTagName on session 90b176e448e9c40e0ae63004c01877a3 to remote] DEBUG org.asynchttpclient.netty.request.NettyRequestSender - Using open Channel [id: 0x1d89c032, L:/127.0.0.1:62381 - R:localhost/127.0.0.1:59841] for GET '/session/90b176e448e9c40e0ae63004c01877a3/element/ea6a80c8-3f7e-4d03-9a54-c4155c267c8b/name'
12:04:11.722 [AsyncHttpClient-1-2] DEBUG org.asynchttpclient.netty.handler.HttpHandler - 

Request DefaultFullHttpRequest(decodeResult: success, version: HTTP/1.1, content: EmptyByteBufBE)
GET /session/90b176e448e9c40e0ae63004c01877a3/element/ea6a80c8-3f7e-4d03-9a54-c4155c267c8b/name HTTP/1.1
User-Agent: selenium/4.1.2 (java windows)
Cache-Control: no-cache
Content-Type: application/json; charset=utf-8
host: localhost:59841
accept: */*

Response DefaultHttpResponse(decodeResult: success, version: HTTP/1.1)
HTTP/1.1 200 OK
Content-Type: application/json; charset=utf-8
cache-control: no-cache
content-length: 17

12:04:11.722 [AsyncHttpClient-1-2] DEBUG org.asynchttpclient.netty.channel.ChannelManager - Adding key: http://localhost:59841 for channel [id: 0x1d89c032, L:/127.0.0.1:62381 - R:localhost/127.0.0.1:59841]
12:04:11.731 [Forwarding getElementTagName on session 90b176e448e9c40e0ae63004c01877a3 to remote] DEBUG org.asynchttpclient.netty.request.NettyRequestSender - Using pooled Channel '[id: 0x1d89c032, L:/127.0.0.1:62381 - R:localhost/127.0.0.1:59841]' for 'GET' to 'http://localhost:59841/session/90b176e448e9c40e0ae63004c01877a3/element/ea6a80c8-3f7e-4d03-9a54-c4155c267c8b/name'
12:04:11.731 [Forwarding getElementTagName on session 90b176e448e9c40e0ae63004c01877a3 to remote] DEBUG org.asynchttpclient.netty.request.NettyRequestSender - Using open Channel [id: 0x1d89c032, L:/127.0.0.1:62381 - R:localhost/127.0.0.1:59841] for GET '/session/90b176e448e9c40e0ae63004c01877a3/element/ea6a80c8-3f7e-4d03-9a54-c4155c267c8b/name'
12:04:11.744 [AsyncHttpClient-1-2] DEBUG org.asynchttpclient.netty.handler.HttpHandler - 

Request DefaultFullHttpRequest(decodeResult: success, version: HTTP/1.1, content: EmptyByteBufBE)
GET /session/90b176e448e9c40e0ae63004c01877a3/element/ea6a80c8-3f7e-4d03-9a54-c4155c267c8b/name HTTP/1.1
User-Agent: selenium/4.1.2 (java windows)
Cache-Control: no-cache
Content-Type: application/json; charset=utf-8
host: localhost:59841
accept: */*

Response DefaultHttpResponse(decodeResult: success, version: HTTP/1.1)
HTTP/1.1 200 OK
Content-Type: application/json; charset=utf-8
cache-control: no-cache
content-length: 17

12:04:11.745 [AsyncHttpClient-1-2] DEBUG org.asynchttpclient.netty.channel.ChannelManager - Adding key: http://localhost:59841 for channel [id: 0x1d89c032, L:/127.0.0.1:62381 - R:localhost/127.0.0.1:59841]
12:04:11.762 [Forwarding isElementEnabled on session 90b176e448e9c40e0ae63004c01877a3 to remote] DEBUG org.asynchttpclient.netty.request.NettyRequestSender - Using pooled Channel '[id: 0x1d89c032, L:/127.0.0.1:62381 - R:localhost/127.0.0.1:59841]' for 'GET' to 'http://localhost:59841/session/90b176e448e9c40e0ae63004c01877a3/element/ea6a80c8-3f7e-4d03-9a54-c4155c267c8b/enabled'
12:04:11.762 [Forwarding isElementEnabled on session 90b176e448e9c40e0ae63004c01877a3 to remote] DEBUG org.asynchttpclient.netty.request.NettyRequestSender - Using open Channel [id: 0x1d89c032, L:/127.0.0.1:62381 - R:localhost/127.0.0.1:59841] for GET '/session/90b176e448e9c40e0ae63004c01877a3/element/ea6a80c8-3f7e-4d03-9a54-c4155c267c8b/enabled'
12:04:11.779 [AsyncHttpClient-1-2] DEBUG org.asynchttpclient.netty.handler.HttpHandler - 

Request DefaultFullHttpRequest(decodeResult: success, version: HTTP/1.1, content: EmptyByteBufBE)
GET /session/90b176e448e9c40e0ae63004c01877a3/element/ea6a80c8-3f7e-4d03-9a54-c4155c267c8b/enabled HTTP/1.1
User-Agent: selenium/4.1.2 (java windows)
Cache-Control: no-cache
Content-Type: application/json; charset=utf-8
host: localhost:59841
accept: */*

Response DefaultHttpResponse(decodeResult: success, version: HTTP/1.1)
HTTP/1.1 200 OK
Content-Type: application/json; charset=utf-8
cache-control: no-cache
content-length: 14

12:04:11.780 [AsyncHttpClient-1-2] DEBUG org.asynchttpclient.netty.channel.ChannelManager - Adding key: http://localhost:59841 for channel [id: 0x1d89c032, L:/127.0.0.1:62381 - R:localhost/127.0.0.1:59841]
12:04:11.784 [Forwarding isElementEnabled on session 90b176e448e9c40e0ae63004c01877a3 to remote] DEBUG org.asynchttpclient.netty.request.NettyRequestSender - Using pooled Channel '[id: 0x1d89c032, L:/127.0.0.1:62381 - R:localhost/127.0.0.1:59841]' for 'GET' to 'http://localhost:59841/session/90b176e448e9c40e0ae63004c01877a3/element/ea6a80c8-3f7e-4d03-9a54-c4155c267c8b/enabled'
12:04:11.785 [Forwarding isElementEnabled on session 90b176e448e9c40e0ae63004c01877a3 to remote] DEBUG org.asynchttpclient.netty.request.NettyRequestSender - Using open Channel [id: 0x1d89c032, L:/127.0.0.1:62381 - R:localhost/127.0.0.1:59841] for GET '/session/90b176e448e9c40e0ae63004c01877a3/element/ea6a80c8-3f7e-4d03-9a54-c4155c267c8b/enabled'
12:04:11.797 [AsyncHttpClient-1-2] DEBUG org.asynchttpclient.netty.handler.HttpHandler - 

Request DefaultFullHttpRequest(decodeResult: success, version: HTTP/1.1, content: EmptyByteBufBE)
GET /session/90b176e448e9c40e0ae63004c01877a3/element/ea6a80c8-3f7e-4d03-9a54-c4155c267c8b/enabled HTTP/1.1
User-Agent: selenium/4.1.2 (java windows)
Cache-Control: no-cache
Content-Type: application/json; charset=utf-8
host: localhost:59841
accept: */*

Response DefaultHttpResponse(decodeResult: success, version: HTTP/1.1)
HTTP/1.1 200 OK
Content-Type: application/json; charset=utf-8
cache-control: no-cache
content-length: 14

12:04:11.798 [AsyncHttpClient-1-2] DEBUG org.asynchttpclient.netty.channel.ChannelManager - Adding key: http://localhost:59841 for channel [id: 0x1d89c032, L:/127.0.0.1:62381 - R:localhost/127.0.0.1:59841]
12:04:11.808 [Forwarding findElement on session 90b176e448e9c40e0ae63004c01877a3 to remote] DEBUG org.asynchttpclient.netty.request.NettyRequestSender - Using pooled Channel '[id: 0x1d89c032, L:/127.0.0.1:62381 - R:localhost/127.0.0.1:59841]' for 'POST' to 'http://localhost:59841/session/90b176e448e9c40e0ae63004c01877a3/element'
12:04:11.809 [Forwarding findElement on session 90b176e448e9c40e0ae63004c01877a3 to remote] DEBUG org.asynchttpclient.netty.request.NettyRequestSender - Using open Channel [id: 0x1d89c032, L:/127.0.0.1:62381 - R:localhost/127.0.0.1:59841] for POST '/session/90b176e448e9c40e0ae63004c01877a3/element'
12:04:11.831 [AsyncHttpClient-1-1] DEBUG org.asynchttpclient.netty.channel.DefaultChannelPool - Entry count for : http://localhost:62382 : 1
12:04:11.841 [AsyncHttpClient-1-2] DEBUG org.asynchttpclient.netty.handler.HttpHandler - 

Request DefaultHttpRequest(decodeResult: success, version: HTTP/1.1)
POST /session/90b176e448e9c40e0ae63004c01877a3/element HTTP/1.1
User-Agent: selenium/4.1.2 (java windows)
Content-Length: 68
Content-Type: application/json; charset=utf-8
host: localhost:59841
accept: */*

Response DefaultHttpResponse(decodeResult: success, version: HTTP/1.1)
HTTP/1.1 200 OK
Content-Type: application/json; charset=utf-8
cache-control: no-cache
content-length: 88

12:04:11.842 [AsyncHttpClient-1-2] DEBUG org.asynchttpclient.netty.channel.ChannelManager - Adding key: http://localhost:59841 for channel [id: 0x1d89c032, L:/127.0.0.1:62381 - R:localhost/127.0.0.1:59841]
12:04:11.847 [Forwarding clickElement on session 90b176e448e9c40e0ae63004c01877a3 to remote] DEBUG org.asynchttpclient.netty.request.NettyRequestSender - Using pooled Channel '[id: 0x1d89c032, L:/127.0.0.1:62381 - R:localhost/127.0.0.1:59841]' for 'POST' to 'http://localhost:59841/session/90b176e448e9c40e0ae63004c01877a3/element/ea6a80c8-3f7e-4d03-9a54-c4155c267c8b/click'
12:04:11.848 [Forwarding clickElement on session 90b176e448e9c40e0ae63004c01877a3 to remote] DEBUG org.asynchttpclient.netty.request.NettyRequestSender - Using open Channel [id: 0x1d89c032, L:/127.0.0.1:62381 - R:localhost/127.0.0.1:59841] for POST '/session/90b176e448e9c40e0ae63004c01877a3/element/ea6a80c8-3f7e-4d03-9a54-c4155c267c8b/click'
12:04:11.956 [AsyncHttpClient-1-2] DEBUG org.asynchttpclient.netty.handler.HttpHandler - 

Request DefaultHttpRequest(decodeResult: success, version: HTTP/1.1)
POST /session/90b176e448e9c40e0ae63004c01877a3/element/ea6a80c8-3f7e-4d03-9a54-c4155c267c8b/click HTTP/1.1
User-Agent: selenium/4.1.2 (java windows)
Content-Length: 50
Content-Type: application/json; charset=utf-8
host: localhost:59841
accept: */*

Response DefaultHttpResponse(decodeResult: success, version: HTTP/1.1)
HTTP/1.1 200 OK
Content-Type: application/json; charset=utf-8
cache-control: no-cache
content-length: 14

12:04:11.956 [AsyncHttpClient-1-2] DEBUG org.asynchttpclient.netty.channel.ChannelManager - Adding key: http://localhost:59841 for channel [id: 0x1d89c032, L:/127.0.0.1:62381 - R:localhost/127.0.0.1:59841]
  &amp#27;[32mWhen &amp#27;[0m&amp#27;[32mI enter my username and password for vaccination session and click login button&amp#27;[0m &amp#27;[90m# starter.stepdefinitions.sessionAvailSteps.iEnterMyUsernameAndPasswordForVaccinationSessionAndClickLoginButton()&amp#27;[0m
12:04:11.978 [Forwarding screenshot on session 90b176e448e9c40e0ae63004c01877a3 to remote] DEBUG org.asynchttpclient.netty.request.NettyRequestSender - Using pooled Channel '[id: 0x1d89c032, L:/127.0.0.1:62381 - R:localhost/127.0.0.1:59841]' for 'GET' to 'http://localhost:59841/session/90b176e448e9c40e0ae63004c01877a3/screenshot'
12:04:11.978 [Forwarding screenshot on session 90b176e448e9c40e0ae63004c01877a3 to remote] DEBUG org.asynchttpclient.netty.request.NettyRequestSender - Using open Channel [id: 0x1d89c032, L:/127.0.0.1:62381 - R:localhost/127.0.0.1:59841] for GET '/session/90b176e448e9c40e0ae63004c01877a3/screenshot'
12:04:12.533 [AsyncHttpClient-1-2] DEBUG org.asynchttpclient.netty.handler.HttpHandler - 

Request DefaultFullHttpRequest(decodeResult: success, version: HTTP/1.1, content: EmptyByteBufBE)
GET /session/90b176e448e9c40e0ae63004c01877a3/screenshot HTTP/1.1
User-Agent: selenium/4.1.2 (java windows)
Cache-Control: no-cache
Content-Type: application/json; charset=utf-8
host: localhost:59841
accept: */*

Response DefaultHttpResponse(decodeResult: success, version: HTTP/1.1)
HTTP/1.1 200 OK
Content-Type: application/json; charset=utf-8
cache-control: no-cache
content-length: 657608

12:04:12.546 [AsyncHttpClient-1-2] DEBUG org.asynchttpclient.netty.channel.ChannelManager - Adding key: http://localhost:59841 for channel [id: 0x1d89c032, L:/127.0.0.1:62381 - R:localhost/127.0.0.1:59841]
12:04:12.669 [main] DEBUG net.serenitybdd.core.photography.Darkroom - Send negative for processing for target\site\serenity\427d7c5bd519e3e08d645df5e6cacb49c2683440379a39781ad688e619a6eed1.png
12:04:12.690 [Darkroom Processing Line] DEBUG net.serenitybdd.core.photography.DarkroomProcessingLine - Processing screenshot image in /var/screenshots/screenshot-18433723468954546442
12:04:12.690 [Darkroom Processing Line] DEBUG net.serenitybdd.core.photography.DarkroomProcessingLine - Saving screenshot to target\site\serenity\427d7c5bd519e3e08d645df5e6cacb49c2683440379a39781ad688e619a6eed1.png
12:04:12.995 [AsyncHttpClient-1-1] DEBUG org.asynchttpclient.netty.channel.DefaultChannelPool - Entry count for : http://localhost:62382 : 1
12:04:12.995 [AsyncHttpClient-1-1] DEBUG org.asynchttpclient.netty.channel.DefaultChannelPool - Entry count for : http://localhost:59841 : 1
12:04:14.071 [AsyncHttpClient-1-1] DEBUG org.asynchttpclient.netty.channel.DefaultChannelPool - Entry count for : http://localhost:62382 : 1
12:04:14.071 [AsyncHttpClient-1-1] DEBUG org.asynchttpclient.netty.channel.DefaultChannelPool - Entry count for : http://localhost:59841 : 1
12:04:15.137 [AsyncHttpClient-1-1] DEBUG org.asynchttpclient.netty.channel.DefaultChannelPool - Entry count for : http://localhost:62382 : 1
12:04:15.138 [AsyncHttpClient-1-1] DEBUG org.asynchttpclient.netty.channel.DefaultChannelPool - Entry count for : http://localhost:59841 : 1
12:04:15.183 [Forwarding screenshot on session 90b176e448e9c40e0ae63004c01877a3 to remote] DEBUG org.asynchttpclient.netty.request.NettyRequestSender - Using pooled Channel '[id: 0x1d89c032, L:/127.0.0.1:62381 - R:localhost/127.0.0.1:59841]' for 'GET' to 'http://localhost:59841/session/90b176e448e9c40e0ae63004c01877a3/screenshot'
12:04:15.184 [Forwarding screenshot on session 90b176e448e9c40e0ae63004c01877a3 to remote] DEBUG org.asynchttpclient.netty.request.NettyRequestSender - Using open Channel [id: 0x1d89c032, L:/127.0.0.1:62381 - R:localhost/127.0.0.1:59841] for GET '/session/90b176e448e9c40e0ae63004c01877a3/screenshot'
12:04:15.662 [AsyncHttpClient-1-2] DEBUG org.asynchttpclient.netty.handler.HttpHandler - 

Request DefaultFullHttpRequest(decodeResult: success, version: HTTP/1.1, content: EmptyByteBufBE)
GET /session/90b176e448e9c40e0ae63004c01877a3/screenshot HTTP/1.1
User-Agent: selenium/4.1.2 (java windows)
Cache-Control: no-cache
Content-Type: application/json; charset=utf-8
host: localhost:59841
accept: */*

Response DefaultHttpResponse(decodeResult: success, version: HTTP/1.1)
HTTP/1.1 200 OK
Content-Type: application/json; charset=utf-8
cache-control: no-cache
content-length: 575408

12:04:15.677 [AsyncHttpClient-1-2] DEBUG org.asynchttpclient.netty.channel.ChannelManager - Adding key: http://localhost:59841 for channel [id: 0x1d89c032, L:/127.0.0.1:62381 - R:localhost/127.0.0.1:59841]
12:04:16.182 [main] DEBUG net.serenitybdd.core.photography.Darkroom - Send negative for processing for target\site\serenity\133b9780295ad5b263af1e3770c008380d0007addc0bb4f791804e876154ae3c.png
12:04:16.183 [Darkroom Processing Line] DEBUG net.serenitybdd.core.photography.DarkroomProcessingLine - Processing screenshot image in /var/screenshots/screenshot-11652866139171130272
12:04:16.183 [Darkroom Processing Line] DEBUG net.serenitybdd.core.photography.DarkroomProcessingLine - Saving screenshot to target\site\serenity\133b9780295ad5b263af1e3770c008380d0007addc0bb4f791804e876154ae3c.png
12:04:16.187 [main] DEBUG net.thucydides.core.steps.StepInterceptor - STARTING STEP: addFamilyMemSteps.iDirectedToDashboard - menuOnDashboardDisplayed
12:04:16.205 [Forwarding findElement on session 90b176e448e9c40e0ae63004c01877a3 to remote] DEBUG org.asynchttpclient.netty.request.NettyRequestSender - Using pooled Channel '[id: 0x1d89c032, L:/127.0.0.1:62381 - R:localhost/127.0.0.1:59841]' for 'POST' to 'http://localhost:59841/session/90b176e448e9c40e0ae63004c01877a3/element'
12:04:16.205 [Forwarding findElement on session 90b176e448e9c40e0ae63004c01877a3 to remote] DEBUG org.asynchttpclient.netty.request.NettyRequestSender - Using open Channel [id: 0x1d89c032, L:/127.0.0.1:62381 - R:localhost/127.0.0.1:59841] for POST '/session/90b176e448e9c40e0ae63004c01877a3/element'
12:04:16.237 [AsyncHttpClient-1-2] DEBUG org.asynchttpclient.netty.handler.HttpHandler - 

Request DefaultHttpRequest(decodeResult: success, version: HTTP/1.1)
POST /session/90b176e448e9c40e0ae63004c01877a3/element HTTP/1.1
User-Agent: selenium/4.1.2 (java windows)
Content-Length: 118
Content-Type: application/json; charset=utf-8
host: localhost:59841
accept: */*

Response DefaultHttpResponse(decodeResult: success, version: HTTP/1.1)
HTTP/1.1 200 OK
Content-Type: application/json; charset=utf-8
cache-control: no-cache
content-length: 88

12:04:16.238 [AsyncHttpClient-1-2] DEBUG org.asynchttpclient.netty.channel.ChannelManager - Adding key: http://localhost:59841 for channel [id: 0x1d89c032, L:/127.0.0.1:62381 - R:localhost/127.0.0.1:59841]
12:04:16.243 [AsyncHttpClient-1-1] DEBUG org.asynchttpclient.netty.channel.DefaultChannelPool - Entry count for : http://localhost:62382 : 1
12:04:16.243 [AsyncHttpClient-1-1] DEBUG org.asynchttpclient.netty.channel.DefaultChannelPool - Entry count for : http://localhost:59841 : 1
12:04:16.258 [Forwarding isElementDisplayed on session 90b176e448e9c40e0ae63004c01877a3 to remote] DEBUG org.asynchttpclient.netty.request.NettyRequestSender - Using pooled Channel '[id: 0x1d89c032, L:/127.0.0.1:62381 - R:localhost/127.0.0.1:59841]' for 'POST' to 'http://localhost:59841/session/90b176e448e9c40e0ae63004c01877a3/execute/sync'
12:04:16.259 [Forwarding isElementDisplayed on session 90b176e448e9c40e0ae63004c01877a3 to remote] DEBUG org.asynchttpclient.netty.request.NettyRequestSender - Using open Channel [id: 0x1d89c032, L:/127.0.0.1:62381 - R:localhost/127.0.0.1:59841] for POST '/session/90b176e448e9c40e0ae63004c01877a3/execute/sync'
12:04:16.295 [AsyncHttpClient-1-2] DEBUG org.asynchttpclient.netty.handler.HttpHandler - 

Request DefaultHttpRequest(decodeResult: success, version: HTTP/1.1)
POST /session/90b176e448e9c40e0ae63004c01877a3/execute/sync HTTP/1.1
User-Agent: selenium/4.1.2 (java windows)
Content-Length: 48780
Content-Type: application/json; charset=utf-8
host: localhost:59841
accept: */*

Response DefaultHttpResponse(decodeResult: success, version: HTTP/1.1)
HTTP/1.1 200 OK
Content-Type: application/json; charset=utf-8
cache-control: no-cache
content-length: 14

12:04:16.296 [AsyncHttpClient-1-2] DEBUG org.asynchttpclient.netty.channel.ChannelManager - Adding key: http://localhost:59841 for channel [id: 0x1d89c032, L:/127.0.0.1:62381 - R:localhost/127.0.0.1:59841]
12:04:16.314 [Forwarding screenshot on session 90b176e448e9c40e0ae63004c01877a3 to remote] DEBUG org.asynchttpclient.netty.request.NettyRequestSender - Using pooled Channel '[id: 0x1d89c032, L:/127.0.0.1:62381 - R:localhost/127.0.0.1:59841]' for 'GET' to 'http://localhost:59841/session/90b176e448e9c40e0ae63004c01877a3/screenshot'
12:04:16.315 [Forwarding screenshot on session 90b176e448e9c40e0ae63004c01877a3 to remote] DEBUG org.asynchttpclient.netty.request.NettyRequestSender - Using open Channel [id: 0x1d89c032, L:/127.0.0.1:62381 - R:localhost/127.0.0.1:59841] for GET '/session/90b176e448e9c40e0ae63004c01877a3/screenshot'
12:04:16.775 [AsyncHttpClient-1-2] DEBUG org.asynchttpclient.netty.handler.HttpHandler - 

Request DefaultFullHttpRequest(decodeResult: success, version: HTTP/1.1, content: EmptyByteBufBE)
GET /session/90b176e448e9c40e0ae63004c01877a3/screenshot HTTP/1.1
User-Agent: selenium/4.1.2 (java windows)
Cache-Control: no-cache
Content-Type: application/json; charset=utf-8
host: localhost:59841
accept: */*

Response DefaultHttpResponse(decodeResult: success, version: HTTP/1.1)
HTTP/1.1 200 OK
Content-Type: application/json; charset=utf-8
cache-control: no-cache
content-length: 575408

12:04:16.789 [AsyncHttpClient-1-2] DEBUG org.asynchttpclient.netty.channel.ChannelManager - Adding key: http://localhost:59841 for channel [id: 0x1d89c032, L:/127.0.0.1:62381 - R:localhost/127.0.0.1:59841]
12:04:16.865 [main] DEBUG net.serenitybdd.core.photography.Darkroom - Send negative for processing for target\site\serenity\133b9780295ad5b263af1e3770c008380d0007addc0bb4f791804e876154ae3c.png
12:04:16.865 [main] DEBUG net.thucydides.core.steps.StepInterceptor - STEP DONE: menuOnDashboardDisplayed
  &amp#27;[32mAnd &amp#27;[0m&amp#27;[32mI directed to dashboard&amp#27;[0m                                                          &amp#27;[90m# starter.stepdefinitions.addFamilyMemSteps.iDirectedToDashboard()&amp#27;[0m
12:04:16.962 [Forwarding screenshot on session 90b176e448e9c40e0ae63004c01877a3 to remote] DEBUG org.asynchttpclient.netty.request.NettyRequestSender - Using pooled Channel '[id: 0x1d89c032, L:/127.0.0.1:62381 - R:localhost/127.0.0.1:59841]' for 'GET' to 'http://localhost:59841/session/90b176e448e9c40e0ae63004c01877a3/screenshot'
12:04:16.962 [Forwarding screenshot on session 90b176e448e9c40e0ae63004c01877a3 to remote] DEBUG org.asynchttpclient.netty.request.NettyRequestSender - Using open Channel [id: 0x1d89c032, L:/127.0.0.1:62381 - R:localhost/127.0.0.1:59841] for GET '/session/90b176e448e9c40e0ae63004c01877a3/screenshot'
12:04:17.331 [AsyncHttpClient-1-1] DEBUG org.asynchttpclient.netty.channel.DefaultChannelPool - Entry count for : http://localhost:62382 : 1
12:04:17.407 [AsyncHttpClient-1-2] DEBUG org.asynchttpclient.netty.handler.HttpHandler - 

Request DefaultFullHttpRequest(decodeResult: success, version: HTTP/1.1, content: EmptyByteBufBE)
GET /session/90b176e448e9c40e0ae63004c01877a3/screenshot HTTP/1.1
User-Agent: selenium/4.1.2 (java windows)
Cache-Control: no-cache
Content-Type: application/json; charset=utf-8
host: localhost:59841
accept: */*

Response DefaultHttpResponse(decodeResult: success, version: HTTP/1.1)
HTTP/1.1 200 OK
Content-Type: application/json; charset=utf-8
cache-control: no-cache
content-length: 575408

12:04:17.481 [AsyncHttpClient-1-2] DEBUG org.asynchttpclient.netty.channel.ChannelManager - Adding key: http://localhost:59841 for channel [id: 0x1d89c032, L:/127.0.0.1:62381 - R:localhost/127.0.0.1:59841]
12:04:17.535 [main] DEBUG net.serenitybdd.core.photography.Darkroom - Send negative for processing for target\site\serenity\133b9780295ad5b263af1e3770c008380d0007addc0bb4f791804e876154ae3c.png
12:04:17.659 [Forwarding findElement on session 90b176e448e9c40e0ae63004c01877a3 to remote] DEBUG org.asynchttpclient.netty.request.NettyRequestSender - Using pooled Channel '[id: 0x1d89c032, L:/127.0.0.1:62381 - R:localhost/127.0.0.1:59841]' for 'POST' to 'http://localhost:59841/session/90b176e448e9c40e0ae63004c01877a3/element'
12:04:17.659 [Forwarding findElement on session 90b176e448e9c40e0ae63004c01877a3 to remote] DEBUG org.asynchttpclient.netty.request.NettyRequestSender - Using open Channel [id: 0x1d89c032, L:/127.0.0.1:62381 - R:localhost/127.0.0.1:59841] for POST '/session/90b176e448e9c40e0ae63004c01877a3/element'
12:04:17.701 [AsyncHttpClient-1-2] DEBUG org.asynchttpclient.netty.handler.HttpHandler - 

Request DefaultHttpRequest(decodeResult: success, version: HTTP/1.1)
POST /session/90b176e448e9c40e0ae63004c01877a3/element HTTP/1.1
User-Agent: selenium/4.1.2 (java windows)
Content-Length: 179
Content-Type: application/json; charset=utf-8
host: localhost:59841
accept: */*

Response DefaultHttpResponse(decodeResult: success, version: HTTP/1.1)
HTTP/1.1 200 OK
Content-Type: application/json; charset=utf-8
cache-control: no-cache
content-length: 88

12:04:17.702 [AsyncHttpClient-1-2] DEBUG org.asynchttpclient.netty.channel.ChannelManager - Adding key: http://localhost:59841 for channel [id: 0x1d89c032, L:/127.0.0.1:62381 - R:localhost/127.0.0.1:59841]
12:04:17.707 [Forwarding getElementTagName on session 90b176e448e9c40e0ae63004c01877a3 to remote] DEBUG org.asynchttpclient.netty.request.NettyRequestSender - Using pooled Channel '[id: 0x1d89c032, L:/127.0.0.1:62381 - R:localhost/127.0.0.1:59841]' for 'GET' to 'http://localhost:59841/session/90b176e448e9c40e0ae63004c01877a3/element/72f88afe-ff59-42f7-a481-590927d5136d/name'
12:04:17.707 [Forwarding getElementTagName on session 90b176e448e9c40e0ae63004c01877a3 to remote] DEBUG org.asynchttpclient.netty.request.NettyRequestSender - Using open Channel [id: 0x1d89c032, L:/127.0.0.1:62381 - R:localhost/127.0.0.1:59841] for GET '/session/90b176e448e9c40e0ae63004c01877a3/element/72f88afe-ff59-42f7-a481-590927d5136d/name'
12:04:17.726 [AsyncHttpClient-1-2] DEBUG org.asynchttpclient.netty.handler.HttpHandler - 

Request DefaultFullHttpRequest(decodeResult: success, version: HTTP/1.1, content: EmptyByteBufBE)
GET /session/90b176e448e9c40e0ae63004c01877a3/element/72f88afe-ff59-42f7-a481-590927d5136d/name HTTP/1.1
User-Agent: selenium/4.1.2 (java windows)
Cache-Control: no-cache
Content-Type: application/json; charset=utf-8
host: localhost:59841
accept: */*

Response DefaultHttpResponse(decodeResult: success, version: HTTP/1.1)
HTTP/1.1 200 OK
Content-Type: application/json; charset=utf-8
cache-control: no-cache
content-length: 18

12:04:17.727 [AsyncHttpClient-1-2] DEBUG org.asynchttpclient.netty.channel.ChannelManager - Adding key: http://localhost:59841 for channel [id: 0x1d89c032, L:/127.0.0.1:62381 - R:localhost/127.0.0.1:59841]
12:04:17.744 [Forwarding getElementTagName on session 90b176e448e9c40e0ae63004c01877a3 to remote] DEBUG org.asynchttpclient.netty.request.NettyRequestSender - Using pooled Channel '[id: 0x1d89c032, L:/127.0.0.1:62381 - R:localhost/127.0.0.1:59841]' for 'GET' to 'http://localhost:59841/session/90b176e448e9c40e0ae63004c01877a3/element/72f88afe-ff59-42f7-a481-590927d5136d/name'
12:04:17.745 [Forwarding getElementTagName on session 90b176e448e9c40e0ae63004c01877a3 to remote] DEBUG org.asynchttpclient.netty.request.NettyRequestSender - Using open Channel [id: 0x1d89c032, L:/127.0.0.1:62381 - R:localhost/127.0.0.1:59841] for GET '/session/90b176e448e9c40e0ae63004c01877a3/element/72f88afe-ff59-42f7-a481-590927d5136d/name'
12:04:17.752 [AsyncHttpClient-1-2] DEBUG org.asynchttpclient.netty.handler.HttpHandler - 

Request DefaultFullHttpRequest(decodeResult: success, version: HTTP/1.1, content: EmptyByteBufBE)
GET /session/90b176e448e9c40e0ae63004c01877a3/element/72f88afe-ff59-42f7-a481-590927d5136d/name HTTP/1.1
User-Agent: selenium/4.1.2 (java windows)
Cache-Control: no-cache
Content-Type: application/json; charset=utf-8
host: localhost:59841
accept: */*

Response DefaultHttpResponse(decodeResult: success, version: HTTP/1.1)
HTTP/1.1 200 OK
Content-Type: application/json; charset=utf-8
cache-control: no-cache
content-length: 18

12:04:17.753 [AsyncHttpClient-1-2] DEBUG org.asynchttpclient.netty.channel.ChannelManager - Adding key: http://localhost:59841 for channel [id: 0x1d89c032, L:/127.0.0.1:62381 - R:localhost/127.0.0.1:59841]
12:04:17.779 [Forwarding isElementEnabled on session 90b176e448e9c40e0ae63004c01877a3 to remote] DEBUG org.asynchttpclient.netty.request.NettyRequestSender - Using pooled Channel '[id: 0x1d89c032, L:/127.0.0.1:62381 - R:localhost/127.0.0.1:59841]' for 'GET' to 'http://localhost:59841/session/90b176e448e9c40e0ae63004c01877a3/element/72f88afe-ff59-42f7-a481-590927d5136d/enabled'
12:04:17.779 [Forwarding isElementEnabled on session 90b176e448e9c40e0ae63004c01877a3 to remote] DEBUG org.asynchttpclient.netty.request.NettyRequestSender - Using open Channel [id: 0x1d89c032, L:/127.0.0.1:62381 - R:localhost/127.0.0.1:59841] for GET '/session/90b176e448e9c40e0ae63004c01877a3/element/72f88afe-ff59-42f7-a481-590927d5136d/enabled'
12:04:17.886 [AsyncHttpClient-1-2] DEBUG org.asynchttpclient.netty.handler.HttpHandler - 

Request DefaultFullHttpRequest(decodeResult: success, version: HTTP/1.1, content: EmptyByteBufBE)
GET /session/90b176e448e9c40e0ae63004c01877a3/element/72f88afe-ff59-42f7-a481-590927d5136d/enabled HTTP/1.1
User-Agent: selenium/4.1.2 (java windows)
Cache-Control: no-cache
Content-Type: application/json; charset=utf-8
host: localhost:59841
accept: */*

Response DefaultHttpResponse(decodeResult: success, version: HTTP/1.1)
HTTP/1.1 200 OK
Content-Type: application/json; charset=utf-8
cache-control: no-cache
content-length: 14

12:04:17.888 [AsyncHttpClient-1-2] DEBUG org.asynchttpclient.netty.channel.ChannelManager - Adding key: http://localhost:59841 for channel [id: 0x1d89c032, L:/127.0.0.1:62381 - R:localhost/127.0.0.1:59841]
12:04:17.894 [Forwarding isElementEnabled on session 90b176e448e9c40e0ae63004c01877a3 to remote] DEBUG org.asynchttpclient.netty.request.NettyRequestSender - Using pooled Channel '[id: 0x1d89c032, L:/127.0.0.1:62381 - R:localhost/127.0.0.1:59841]' for 'GET' to 'http://localhost:59841/session/90b176e448e9c40e0ae63004c01877a3/element/72f88afe-ff59-42f7-a481-590927d5136d/enabled'
12:04:17.894 [Forwarding isElementEnabled on session 90b176e448e9c40e0ae63004c01877a3 to remote] DEBUG org.asynchttpclient.netty.request.NettyRequestSender - Using open Channel [id: 0x1d89c032, L:/127.0.0.1:62381 - R:localhost/127.0.0.1:59841] for GET '/session/90b176e448e9c40e0ae63004c01877a3/element/72f88afe-ff59-42f7-a481-590927d5136d/enabled'
12:04:17.911 [AsyncHttpClient-1-2] DEBUG org.asynchttpclient.netty.handler.HttpHandler - 

Request DefaultFullHttpRequest(decodeResult: success, version: HTTP/1.1, content: EmptyByteBufBE)
GET /session/90b176e448e9c40e0ae63004c01877a3/element/72f88afe-ff59-42f7-a481-590927d5136d/enabled HTTP/1.1
User-Agent: selenium/4.1.2 (java windows)
Cache-Control: no-cache
Content-Type: application/json; charset=utf-8
host: localhost:59841
accept: */*

Response DefaultHttpResponse(decodeResult: success, version: HTTP/1.1)
HTTP/1.1 200 OK
Content-Type: application/json; charset=utf-8
cache-control: no-cache
content-length: 14

12:04:17.914 [AsyncHttpClient-1-2] DEBUG org.asynchttpclient.netty.channel.ChannelManager - Adding key: http://localhost:59841 for channel [id: 0x1d89c032, L:/127.0.0.1:62381 - R:localhost/127.0.0.1:59841]
12:04:17.928 [Forwarding findElement on session 90b176e448e9c40e0ae63004c01877a3 to remote] DEBUG org.asynchttpclient.netty.request.NettyRequestSender - Using pooled Channel '[id: 0x1d89c032, L:/127.0.0.1:62381 - R:localhost/127.0.0.1:59841]' for 'POST' to 'http://localhost:59841/session/90b176e448e9c40e0ae63004c01877a3/element'
12:04:17.928 [Forwarding findElement on session 90b176e448e9c40e0ae63004c01877a3 to remote] DEBUG org.asynchttpclient.netty.request.NettyRequestSender - Using open Channel [id: 0x1d89c032, L:/127.0.0.1:62381 - R:localhost/127.0.0.1:59841] for POST '/session/90b176e448e9c40e0ae63004c01877a3/element'
12:04:17.946 [AsyncHttpClient-1-2] DEBUG org.asynchttpclient.netty.handler.HttpHandler - 

Request DefaultHttpRequest(decodeResult: success, version: HTTP/1.1)
POST /session/90b176e448e9c40e0ae63004c01877a3/element HTTP/1.1
User-Agent: selenium/4.1.2 (java windows)
Content-Length: 179
Content-Type: application/json; charset=utf-8
host: localhost:59841
accept: */*

Response DefaultHttpResponse(decodeResult: success, version: HTTP/1.1)
HTTP/1.1 200 OK
Content-Type: application/json; charset=utf-8
cache-control: no-cache
content-length: 88

12:04:17.947 [AsyncHttpClient-1-2] DEBUG org.asynchttpclient.netty.channel.ChannelManager - Adding key: http://localhost:59841 for channel [id: 0x1d89c032, L:/127.0.0.1:62381 - R:localhost/127.0.0.1:59841]
12:04:17.962 [Forwarding clickElement on session 90b176e448e9c40e0ae63004c01877a3 to remote] DEBUG org.asynchttpclient.netty.request.NettyRequestSender - Using pooled Channel '[id: 0x1d89c032, L:/127.0.0.1:62381 - R:localhost/127.0.0.1:59841]' for 'POST' to 'http://localhost:59841/session/90b176e448e9c40e0ae63004c01877a3/element/72f88afe-ff59-42f7-a481-590927d5136d/click'
12:04:17.962 [Forwarding clickElement on session 90b176e448e9c40e0ae63004c01877a3 to remote] DEBUG org.asynchttpclient.netty.request.NettyRequestSender - Using open Channel [id: 0x1d89c032, L:/127.0.0.1:62381 - R:localhost/127.0.0.1:59841] for POST '/session/90b176e448e9c40e0ae63004c01877a3/element/72f88afe-ff59-42f7-a481-590927d5136d/click'
12:04:18.342 [AsyncHttpClient-1-2] DEBUG org.asynchttpclient.netty.handler.HttpHandler - 

Request DefaultHttpRequest(decodeResult: success, version: HTTP/1.1)
POST /session/90b176e448e9c40e0ae63004c01877a3/element/72f88afe-ff59-42f7-a481-590927d5136d/click HTTP/1.1
User-Agent: selenium/4.1.2 (java windows)
Content-Length: 50
Content-Type: application/json; charset=utf-8
host: localhost:59841
accept: */*

Response DefaultHttpResponse(decodeResult: success, version: HTTP/1.1)
HTTP/1.1 200 OK
Content-Type: application/json; charset=utf-8
cache-control: no-cache
content-length: 14

12:04:18.343 [AsyncHttpClient-1-2] DEBUG org.asynchttpclient.netty.channel.ChannelManager - Adding key: http://localhost:59841 for channel [id: 0x1d89c032, L:/127.0.0.1:62381 - R:localhost/127.0.0.1:59841]
  &amp#27;[32mAnd &amp#27;[0m&amp#27;[32mI click vaccination bookings&amp#27;[0m                                                     &amp#27;[90m# starter.stepdefinitions.vaccinationBookingSteps.iClickVaccinationBookings()&amp#27;[0m
12:04:18.377 [Forwarding screenshot on session 90b176e448e9c40e0ae63004c01877a3 to remote] DEBUG org.asynchttpclient.netty.request.NettyRequestSender - Using pooled Channel '[id: 0x1d89c032, L:/127.0.0.1:62381 - R:localhost/127.0.0.1:59841]' for 'GET' to 'http://localhost:59841/session/90b176e448e9c40e0ae63004c01877a3/screenshot'
12:04:18.378 [Forwarding screenshot on session 90b176e448e9c40e0ae63004c01877a3 to remote] DEBUG org.asynchttpclient.netty.request.NettyRequestSender - Using open Channel [id: 0x1d89c032, L:/127.0.0.1:62381 - R:localhost/127.0.0.1:59841] for GET '/session/90b176e448e9c40e0ae63004c01877a3/screenshot'
12:04:18.479 [AsyncHttpClient-1-1] DEBUG org.asynchttpclient.netty.channel.DefaultChannelPool - Entry count for : http://localhost:62382 : 1
12:04:18.674 [AsyncHttpClient-1-2] DEBUG org.asynchttpclient.netty.handler.HttpHandler - 

Request DefaultFullHttpRequest(decodeResult: success, version: HTTP/1.1, content: EmptyByteBufBE)
GET /session/90b176e448e9c40e0ae63004c01877a3/screenshot HTTP/1.1
User-Agent: selenium/4.1.2 (java windows)
Cache-Control: no-cache
Content-Type: application/json; charset=utf-8
host: localhost:59841
accept: */*

Response DefaultHttpResponse(decodeResult: success, version: HTTP/1.1)
HTTP/1.1 200 OK
Content-Type: application/json; charset=utf-8
cache-control: no-cache
content-length: 47848

12:04:18.675 [AsyncHttpClient-1-2] DEBUG org.asynchttpclient.netty.channel.ChannelManager - Adding key: http://localhost:59841 for channel [id: 0x1d89c032, L:/127.0.0.1:62381 - R:localhost/127.0.0.1:59841]
12:04:18.681 [main] DEBUG net.serenitybdd.core.photography.Darkroom - Send negative for processing for target\site\serenity\53605293d6b97be9111c26575b4478928d2eea6c0acd8c6666ffbaba60a8a8a8.png
12:04:18.682 [Darkroom Processing Line] DEBUG net.serenitybdd.core.photography.DarkroomProcessingLine - Processing screenshot image in /var/screenshots/screenshot-17029460208103872582
12:04:18.683 [Darkroom Processing Line] DEBUG net.serenitybdd.core.photography.DarkroomProcessingLine - Saving screenshot to target\site\serenity\53605293d6b97be9111c26575b4478928d2eea6c0acd8c6666ffbaba60a8a8a8.png
12:04:19.534 [Forwarding findElement on session 90b176e448e9c40e0ae63004c01877a3 to remote] DEBUG org.asynchttpclient.netty.request.NettyRequestSender - Using pooled Channel '[id: 0x1d89c032, L:/127.0.0.1:62381 - R:localhost/127.0.0.1:59841]' for 'POST' to 'http://localhost:59841/session/90b176e448e9c40e0ae63004c01877a3/element'
12:04:19.534 [Forwarding findElement on session 90b176e448e9c40e0ae63004c01877a3 to remote] DEBUG org.asynchttpclient.netty.request.NettyRequestSender - Using open Channel [id: 0x1d89c032, L:/127.0.0.1:62381 - R:localhost/127.0.0.1:59841] for POST '/session/90b176e448e9c40e0ae63004c01877a3/element'
12:04:19.546 [AsyncHttpClient-1-1] DEBUG org.asynchttpclient.netty.channel.DefaultChannelPool - Entry count for : http://localhost:62382 : 1
12:04:19.573 [AsyncHttpClient-1-2] DEBUG org.asynchttpclient.netty.handler.HttpHandler - 

Request DefaultHttpRequest(decodeResult: success, version: HTTP/1.1)
POST /session/90b176e448e9c40e0ae63004c01877a3/element HTTP/1.1
User-Agent: selenium/4.1.2 (java windows)
Content-Length: 107
[...]
12:05:10.447 [Forwarding screenshot on session 3fc6c66fef4483d52522f141d7fab3eb to remote] DEBUG org.asynchttpclient.netty.request.NettyRequestSender - Using open Channel [id: 0xd5af475b, L:/127.0.0.1:62444 - R:localhost/127.0.0.1:53157] for GET '/session/3fc6c66fef4483d52522f141d7fab3eb/screenshot'
12:05:10.533 [AsyncHttpClient-1-1] DEBUG org.asynchttpclient.netty.channel.DefaultChannelPool - Entry count for : http://localhost:62446 : 1
12:05:10.782 [AsyncHttpClient-1-4] DEBUG org.asynchttpclient.netty.handler.HttpHandler - 

Request DefaultFullHttpRequest(decodeResult: success, version: HTTP/1.1, content: EmptyByteBufBE)
GET /session/3fc6c66fef4483d52522f141d7fab3eb/screenshot HTTP/1.1
User-Agent: selenium/4.1.2 (java windows)
Cache-Control: no-cache
Content-Type: application/json; charset=utf-8
host: localhost:53157
accept: */*

Response DefaultHttpResponse(decodeResult: success, version: HTTP/1.1)
HTTP/1.1 200 OK
Content-Type: application/json; charset=utf-8
cache-control: no-cache
content-length: 38272

12:05:10.782 [AsyncHttpClient-1-4] DEBUG org.asynchttpclient.netty.channel.ChannelManager - Adding key: http://localhost:53157 for channel [id: 0xd5af475b, L:/127.0.0.1:62444 - R:localhost/127.0.0.1:53157]
12:05:10.788 [main] DEBUG net.serenitybdd.core.photography.Darkroom - Send negative for processing for target\site\serenity\9a1c60b4182268e7560be092064012f6e4baca9a4b15e3a32d0ce4a825c7305c.png
12:05:10.790 [Darkroom Processing Line] DEBUG net.serenitybdd.core.photography.DarkroomProcessingLine - Processing screenshot image in /var/screenshots/screenshot-10759273882665103241
12:05:10.790 [Darkroom Processing Line] DEBUG net.serenitybdd.core.photography.DarkroomProcessingLine - Saving screenshot to target\site\serenity\9a1c60b4182268e7560be092064012f6e4baca9a4b15e3a32d0ce4a825c7305c.png
12:05:10.803 [Forwarding findElement on session 3fc6c66fef4483d52522f141d7fab3eb to remote] DEBUG org.asynchttpclient.netty.request.NettyRequestSender - Using pooled Channel '[id: 0xd5af475b, L:/127.0.0.1:62444 - R:localhost/127.0.0.1:53157]' for 'POST' to 'http://localhost:53157/session/3fc6c66fef4483d52522f141d7fab3eb/element'
12:05:10.803 [Forwarding findElement on session 3fc6c66fef4483d52522f141d7fab3eb to remote] DEBUG org.asynchttpclient.netty.request.NettyRequestSender - Using open Channel [id: 0xd5af475b, L:/127.0.0.1:62444 - R:localhost/127.0.0.1:53157] for POST '/session/3fc6c66fef4483d52522f141d7fab3eb/element'
12:05:10.833 [AsyncHttpClient-1-4] DEBUG org.asynchttpclient.netty.handler.HttpHandler - 

Request DefaultHttpRequest(decodeResult: success, version: HTTP/1.1)
POST /session/3fc6c66fef4483d52522f141d7fab3eb/element HTTP/1.1
User-Agent: selenium/4.1.2 (java windows)
Content-Length: 159
Content-Type: application/json; charset=utf-8
host: localhost:53157
accept: */*

Response DefaultHttpResponse(decodeResult: success, version: HTTP/1.1)
HTTP/1.1 200 OK
Content-Type: application/json; charset=utf-8
cache-control: no-cache
content-length: 88

12:05:10.833 [AsyncHttpClient-1-4] DEBUG org.asynchttpclient.netty.channel.ChannelManager - Adding key: http://localhost:53157 for channel [id: 0xd5af475b, L:/127.0.0.1:62444 - R:localhost/127.0.0.1:53157]
12:05:10.838 [Forwarding clearElement on session 3fc6c66fef4483d52522f141d7fab3eb to remote] DEBUG org.asynchttpclient.netty.request.NettyRequestSender - Using pooled Channel '[id: 0xd5af475b, L:/127.0.0.1:62444 - R:localhost/127.0.0.1:53157]' for 'POST' to 'http://localhost:53157/session/3fc6c66fef4483d52522f141d7fab3eb/element/91e00fb5-9cea-43cc-b721-9f0c4aa07e7c/clear'
12:05:10.838 [Forwarding clearElement on session 3fc6c66fef4483d52522f141d7fab3eb to remote] DEBUG org.asynchttpclient.netty.request.NettyRequestSender - Using open Channel [id: 0xd5af475b, L:/127.0.0.1:62444 - R:localhost/127.0.0.1:53157] for POST '/session/3fc6c66fef4483d52522f141d7fab3eb/element/91e00fb5-9cea-43cc-b721-9f0c4aa07e7c/clear'
12:05:10.884 [AsyncHttpClient-1-4] DEBUG org.asynchttpclient.netty.handler.HttpHandler - 

Request DefaultHttpRequest(decodeResult: success, version: HTTP/1.1)
POST /session/3fc6c66fef4483d52522f141d7fab3eb/element/91e00fb5-9cea-43cc-b721-9f0c4aa07e7c/clear HTTP/1.1
User-Agent: selenium/4.1.2 (java windows)
Content-Length: 50
Content-Type: application/json; charset=utf-8
host: localhost:53157
accept: */*

Response DefaultHttpResponse(decodeResult: success, version: HTTP/1.1)
HTTP/1.1 400 Bad Request
Content-Type: application/json; charset=utf-8
cache-control: no-cache
content-length: 949

12:05:10.884 [AsyncHttpClient-1-4] DEBUG org.asynchttpclient.netty.channel.ChannelManager - Adding key: http://localhost:53157 for channel [id: 0xd5af475b, L:/127.0.0.1:62444 - R:localhost/127.0.0.1:53157]
  &amp#27;[31mAnd &amp#27;[0m&amp#27;[31mI input new value of vaccination stock&amp#27;[0m                                           &amp#27;[90m# starter.stepdefinitions.vaccineStockSteps.iInputNewValueOfVaccinationStock()&amp#27;[0m
      &amp#27;[31morg.openqa.selenium.InvalidElementStateException: invalid element state
  (Session info: chrome=103.0.5060.114)
Build info: version: '4.1.2', revision: '9a5a329c5a'
System info: host: 'INGGRIT', ip: '192.168.137.1', os.name: 'Windows 10', os.arch: 'amd64', os.version: '10.0', java.version: '15.0.2'
Driver info: org.openqa.selenium.chrome.ChromeDriver
Command: [3fc6c66fef4483d52522f141d7fab3eb, clearElement {id=91e00fb5-9cea-43cc-b721-9f0c4aa07e7c}]
Capabilities {acceptInsecureCerts: false, browserName: chrome, browserVersion: 103.0.5060.114, chrome: {chromedriverVersion: 102.0.5005.61 (0e59bcc00cc4..., userDataDir: C:\Users\ponda\AppData\Loca...}, goog:chromeOptions: {debuggerAddress: localhost:62446}, javascriptEnabled: true, networkConnectionEnabled: false, pageLoadStrategy: normal, platform: WINDOWS, platformName: WINDOWS, proxy: Proxy(), se:cdp: ws://localhost:62446/devtoo..., se:cdpVersion: 103.0.5060.114, setWindowRect: true, strictFileInteractability: false, timeouts: {implicit: 0, pageLoad: 300000, script: 30000}, unhandledPromptBehavior: dismiss and notify, webauthn:extension:credBlob: true, webauthn:extension:largeBlob: true, webauthn:virtualAuthenticators: true}
Element: [[ChromeDriver: chrome on WINDOWS (3fc6c66fef4483d52522f141d7fab3eb)] -> xpath: //*[@id="root"]/div/div/div/div[1]/div[3]/table/tbody/tr[1]/td[3]]
Session ID: 3fc6c66fef4483d52522f141d7fab3eb
	at java.base/jdk.internal.reflect.NativeConstructorAccessorImpl.newInstance0(Native Method)
	at java.base/jdk.internal.reflect.NativeConstructorAccessorImpl.newInstance(NativeConstructorAccessorImpl.java:64)
	at java.base/jdk.internal.reflect.DelegatingConstructorAccessorImpl.newInstance(DelegatingConstructorAccessorImpl.java:45)
	at java.base/java.lang.reflect.Constructor.newInstanceWithCaller(Constructor.java:500)
	at java.base/java.lang.reflect.Constructor.newInstance(Constructor.java:481)
	at org.openqa.selenium.remote.codec.w3c.W3CHttpResponseCodec.createException(W3CHttpResponseCodec.java:200)
	at org.openqa.selenium.remote.codec.w3c.W3CHttpResponseCodec.decode(W3CHttpResponseCodec.java:133)
	at org.openqa.selenium.remote.codec.w3c.W3CHttpResponseCodec.decode(W3CHttpResponseCodec.java:53)
	at org.openqa.selenium.remote.HttpCommandExecutor.execute(HttpCommandExecutor.java:184)
	at org.openqa.selenium.remote.service.DriverCommandExecutor.invokeExecute(DriverCommandExecutor.java:167)
	at org.openqa.selenium.remote.service.DriverCommandExecutor.execute(DriverCommandExecutor.java:142)
	at org.openqa.selenium.remote.RemoteWebDriver.execute(RemoteWebDriver.java:558)
	at org.openqa.selenium.remote.RemoteWebElement.execute(RemoteWebElement.java:251)
	at org.openqa.selenium.remote.RemoteWebElement.clear(RemoteWebElement.java:126)
	at net.serenitybdd.core.pages.WebElementFacadeImpl.clear(WebElementFacadeImpl.java:1234)
	at net.serenitybdd.core.pages.WebElementFacadeImpl.type(WebElementFacadeImpl.java:733)
	at Web.Automation@1.0-SNAPSHOT/starter.pages.admin.vaccination_stock.updateVaccineStock(vaccination_stock.java:21)
	at Web.Automation@1.0-SNAPSHOT/starter.stepdefinitions.vaccineStockSteps.iInputNewValueOfVaccinationStock(vaccineStockSteps.java:16)
	at âœ½.I input new value of vaccination stock(file:///C:/Users/ponda/Downloads/Video/Web_Automation/src/test/resources/features/vaccine_stock.feature:9)
&amp#27;[0m
12:05:10.918 [Forwarding screenshot on session 3fc6c66fef4483d52522f141d7fab3eb to remote] DEBUG org.asynchttpclient.netty.request.NettyRequestSender - Using pooled Channel '[id: 0xd5af475b, L:/127.0.0.1:62444 - R:localhost/127.0.0.1:53157]' for 'GET' to 'http://localhost:53157/session/3fc6c66fef4483d52522f141d7fab3eb/screenshot'
12:05:10.919 [Forwarding screenshot on session 3fc6c66fef4483d52522f141d7fab3eb to remote] DEBUG org.asynchttpclient.netty.request.NettyRequestSender - Using open Channel [id: 0xd5af475b, L:/127.0.0.1:62444 - R:localhost/127.0.0.1:53157] for GET '/session/3fc6c66fef4483d52522f141d7fab3eb/screenshot'
12:05:11.166 [AsyncHttpClient-1-4] DEBUG org.asynchttpclient.netty.handler.HttpHandler - 

Request DefaultFullHttpRequest(decodeResult: success, version: HTTP/1.1, content: EmptyByteBufBE)
GET /session/3fc6c66fef4483d52522f141d7fab3eb/screenshot HTTP/1.1
User-Agent: selenium/4.1.2 (java windows)
Cache-Control: no-cache
Content-Type: application/json; charset=utf-8
host: localhost:53157
accept: */*

Response DefaultHttpResponse(decodeResult: success, version: HTTP/1.1)
HTTP/1.1 200 OK
Content-Type: application/json; charset=utf-8
cache-control: no-cache
content-length: 53396

12:05:11.167 [AsyncHttpClient-1-4] DEBUG org.asynchttpclient.netty.channel.ChannelManager - Adding key: http://localhost:53157 for channel [id: 0xd5af475b, L:/127.0.0.1:62444 - R:localhost/127.0.0.1:53157]
12:05:11.173 [main] DEBUG net.serenitybdd.core.photography.Darkroom - Send negative for processing for target\site\serenity\28e200af331fc3a218f30d3f3a65a26f9c11694572afd63a0120f6dab34bcfb1.png
12:05:11.174 [Darkroom Processing Line] DEBUG net.serenitybdd.core.photography.DarkroomProcessingLine - Processing screenshot image in /var/screenshots/screenshot-1706253453830385350
12:05:11.174 [Darkroom Processing Line] DEBUG net.serenitybdd.core.photography.DarkroomProcessingLine - Saving screenshot to target\site\serenity\28e200af331fc3a218f30d3f3a65a26f9c11694572afd63a0120f6dab34bcfb1.png
12:05:11.176 [Forwarding getPageSource on session 3fc6c66fef4483d52522f141d7fab3eb to remote] DEBUG org.asynchttpclient.netty.request.NettyRequestSender - Using pooled Channel '[id: 0xd5af475b, L:/127.0.0.1:62444 - R:localhost/127.0.0.1:53157]' for 'POST' to 'http://localhost:53157/session/3fc6c66fef4483d52522f141d7fab3eb/execute/sync'
12:05:11.176 [Forwarding getPageSource on session 3fc6c66fef4483d52522f141d7fab3eb to remote] DEBUG org.asynchttpclient.netty.request.NettyRequestSender - Using open Channel [id: 0xd5af475b, L:/127.0.0.1:62444 - R:localhost/127.0.0.1:53157] for POST '/session/3fc6c66fef4483d52522f141d7fab3eb/execute/sync'
12:05:11.194 [AsyncHttpClient-1-4] DEBUG org.asynchttpclient.netty.handler.HttpHandler - 

Request DefaultHttpRequest(decodeResult: success, version: HTTP/1.1)
POST /session/3fc6c66fef4483d52522f141d7fab3eb/execute/sync HTTP/1.1
User-Agent: selenium/4.1.2 (java windows)
Content-Length: 176
Content-Type: application/json; charset=utf-8
host: localhost:53157
accept: */*

Response DefaultHttpResponse(decodeResult: success, version: HTTP/1.1)
HTTP/1.1 200 OK
Content-Type: application/json; charset=utf-8
cache-control: no-cache
content-length: 46342

12:05:11.195 [AsyncHttpClient-1-4] DEBUG org.asynchttpclient.netty.channel.ChannelManager - Adding key: http://localhost:53157 for channel [id: 0xd5af475b, L:/127.0.0.1:62444 - R:localhost/127.0.0.1:53157]
12:05:11.257 [Forwarding getCurrentUrl on session 3fc6c66fef4483d52522f141d7fab3eb to remote] DEBUG org.asynchttpclient.netty.request.NettyRequestSender - Using pooled Channel '[id: 0xd5af475b, L:/127.0.0.1:62444 - R:localhost/127.0.0.1:53157]' for 'GET' to 'http://localhost:53157/session/3fc6c66fef4483d52522f141d7fab3eb/url'
12:05:11.258 [Forwarding getCurrentUrl on session 3fc6c66fef4483d52522f141d7fab3eb to remote] DEBUG org.asynchttpclient.netty.request.NettyRequestSender - Using open Channel [id: 0xd5af475b, L:/127.0.0.1:62444 - R:localhost/127.0.0.1:53157] for GET '/session/3fc6c66fef4483d52522f141d7fab3eb/url'
12:05:11.267 [AsyncHttpClient-1-4] DEBUG org.asynchttpclient.netty.handler.HttpHandler - 

Request DefaultFullHttpRequest(decodeResult: success, version: HTTP/1.1, content: EmptyByteBufBE)
GET /session/3fc6c66fef4483d52522f141d7fab3eb/url HTTP/1.1
User-Agent: selenium/4.1.2 (java windows)
Cache-Control: no-cache
Content-Type: application/json; charset=utf-8
host: localhost:53157
accept: */*

Response DefaultHttpResponse(decodeResult: success, version: HTTP/1.1)
HTTP/1.1 200 OK
Content-Type: application/json; charset=utf-8
cache-control: no-cache
content-length: 72

12:05:11.269 [AsyncHttpClient-1-4] DEBUG org.asynchttpclient.netty.channel.ChannelManager - Adding key: http://localhost:53157 for channel [id: 0xd5af475b, L:/127.0.0.1:62444 - R:localhost/127.0.0.1:53157]
  &amp#27;[36mAnd &amp#27;[0m&amp#27;[36mI click add stock button&amp#27;[0m                                                         &amp#27;[90m# starter.stepdefinitions.vaccineStockSteps.iClickAddStockButton()&amp#27;[0m
  &amp#27;[36mAnd &amp#27;[0m&amp#27;[36mI success update vaccine stock&amp#27;[0m                                                   &amp#27;[90m# starter.stepdefinitions.vaccineStockSteps.iSuccessUpdateVaccineStock()&amp#27;[0m
12:05:11.356 [main] ERROR  - 
  _____   ___   ___   _____     ___   ___   ___    ___    ___ 
 |_   _| | __| / __| |_   _|   | __| | _ \ | _ \  / _ \  | _ \
   | |   | _|  \__ \   | |     | _|  |   / |   / | (_) | |   /
   |_|   |___| |___/   |_|     |___| |_|_\ |_|_\  \___/  |_|_\

Update Vaccination Stock
---------------------------------------------------------------
12:05:11.356 [main] DEBUG  - RELATED ISSUES: 
12:05:11.356 [main] ERROR  -     Test failed at step: And I input new value of vaccination stock
12:05:11.359 [main] ERROR  -     invalid element state
12:05:11.367 [AsyncHttpClient-1-2] DEBUG org.asynchttpclient.netty.handler.WebSocketHandler - Channel Closed: [id: 0xb238e1bb, L:/127.0.0.1:62454 ! R:localhost/127.0.0.1:62446] with attribute NettyResponseFuture{currentRetry=5,
	isDone=1,
	isCancelled=0,
	asyncHandler=org.asynchttpclient.ws.WebSocketUpgradeHandler@1724be81,
	nettyRequest=org.asynchttpclient.netty.request.NettyRequest@2c911193,
	future=java.util.concurrent.CompletableFuture@1f4ac143[Completed normally],
	uri=ws://localhost:62446/devtools/browser/0b74ddd4-54fd-443f-afd7-b9b6084a2d04,
	keepAlive=true,
	redirectCount=0,
	timeoutsHolder=null,
	inAuth=0,
	touch=1658207097870}
12:05:11.369 [AsyncHttpClient-1-2] DEBUG org.asynchttpclient.netty.channel.ChannelManager - Closing Channel [id: 0xb238e1bb, L:/127.0.0.1:62454 ! R:localhost/127.0.0.1:62446] 
12:05:11.371 [Driver Command Executor] DEBUG org.asynchttpclient.netty.request.NettyRequestSender - Using pooled Channel '[id: 0xd5af475b, L:/127.0.0.1:62444 - R:localhost/127.0.0.1:53157]' for 'DELETE' to 'http://localhost:53157/session/3fc6c66fef4483d52522f141d7fab3eb'
12:05:11.371 [Driver Command Executor] DEBUG org.asynchttpclient.netty.request.NettyRequestSender - Using open Channel [id: 0xd5af475b, L:/127.0.0.1:62444 - R:localhost/127.0.0.1:53157] for DELETE '/session/3fc6c66fef4483d52522f141d7fab3eb'
12:05:11.624 [AsyncHttpClient-1-1] DEBUG org.asynchttpclient.netty.channel.DefaultChannelPool - Entry count for : http://localhost:62446 : 1
12:05:11.832 [AsyncHttpClient-1-5] DEBUG org.asynchttpclient.netty.handler.HttpHandler - Unexpected I/O exception on channel [id: 0x4bc61ae1, L:/127.0.0.1:62453 - R:localhost/127.0.0.1:62446]
java.net.SocketException: Connection reset
	at java.base/sun.nio.ch.SocketChannelImpl.throwConnectionReset(SocketChannelImpl.java:367)
	at java.base/sun.nio.ch.SocketChannelImpl.read(SocketChannelImpl.java:398)
	at io.netty.buffer.PooledByteBuf.setBytes(PooledByteBuf.java:258)
	at io.netty.buffer.AbstractByteBuf.writeBytes(AbstractByteBuf.java:1132)
	at io.netty.channel.socket.nio.NioSocketChannel.doReadBytes(NioSocketChannel.java:350)
	at io.netty.channel.nio.AbstractNioByteChannel$NioByteUnsafe.read(AbstractNioByteChannel.java:151)
	at io.netty.channel.nio.NioEventLoop.processSelectedKey(NioEventLoop.java:722)
	at io.netty.channel.nio.NioEventLoop.processSelectedKeysOptimized(NioEventLoop.java:658)
	at io.netty.channel.nio.NioEventLoop.processSelectedKeys(NioEventLoop.java:584)
	at io.netty.channel.nio.NioEventLoop.run(NioEventLoop.java:496)
	at io.netty.util.concurrent.SingleThreadEventExecutor$4.run(SingleThreadEventExecutor.java:986)
	at io.netty.util.internal.ThreadExecutorMap$2.run(ThreadExecutorMap.java:74)
	at io.netty.util.concurrent.FastThreadLocalRunnable.run(FastThreadLocalRunnable.java:30)
	at java.base/java.lang.Thread.run(Thread.java:832)
12:05:11.832 [AsyncHttpClient-1-5] DEBUG org.asynchttpclient.netty.channel.ChannelManager - Closing Channel [id: 0x4bc61ae1, L:/127.0.0.1:62453 - R:localhost/127.0.0.1:62446] 
12:05:11.833 [AsyncHttpClient-1-5] DEBUG org.asynchttpclient.netty.handler.HttpHandler - Channel Closed: [id: 0x4bc61ae1, L:/127.0.0.1:62453 ! R:localhost/127.0.0.1:62446] with attribute DISCARD
12:05:11.890 [AsyncHttpClient-1-4] DEBUG org.asynchttpclient.netty.handler.HttpHandler - 

Request DefaultFullHttpRequest(decodeResult: success, version: HTTP/1.1, content: EmptyByteBufBE)
DELETE /session/3fc6c66fef4483d52522f141d7fab3eb HTTP/1.1
User-Agent: selenium/4.1.2 (java windows)
Content-Type: application/json; charset=utf-8
host: localhost:53157
accept: */*

Response DefaultHttpResponse(decodeResult: success, version: HTTP/1.1)
HTTP/1.1 200 OK
Content-Type: application/json; charset=utf-8
cache-control: no-cache
content-length: 14

12:05:11.890 [AsyncHttpClient-1-4] DEBUG org.asynchttpclient.netty.channel.ChannelManager - Adding key: http://localhost:53157 for channel [id: 0xd5af475b, L:/127.0.0.1:62444 - R:localhost/127.0.0.1:53157]
12:05:12.193 [AsyncHttpClient-1-4] DEBUG org.asynchttpclient.netty.handler.HttpHandler - Channel Closed: [id: 0xd5af475b, L:/127.0.0.1:62444 ! R:localhost/127.0.0.1:53157] with attribute DISCARD
]]></system-out>
    <system-err><![CDATA[Starting ChromeDriver 102.0.5005.61 (0e59bcc00cc4985ce39ad31c150065f159d95ad3-refs/branch-heads/5005@{#819}) on port 53157
Only local connections are allowed.
Please see https://chromedriver.chromium.org/security-considerations for suggestions on keeping ChromeDriver safe.
ChromeDriver was started successfully.
[1658207096.945][WARNING]: This version of ChromeDriver has not been tested with Chrome version 103.
Jul 19, 2022 12:04:57 PM org.openqa.selenium.remote.ProtocolHandshake createSession
INFO: Detected dialect: W3C
Jul 19, 2022 12:04:57 PM org.openqa.selenium.devtools.CdpVersionFinder findNearestMatch
WARNING: Unable to find an exact match for CDP version 103, so returning the closest version found: a no-op implementation
Jul 19, 2022 12:04:57 PM org.openqa.selenium.devtools.CdpVersionFinder findNearestMatch
INFO: Unable to find CDP implementation matching 103.
Jul 19, 2022 12:04:57 PM org.openqa.selenium.chromium.ChromiumDriver lambda$new$3
WARNING: Unable to find version of CDP to use for . You may need to include a dependency on a specific version of the CDP using something similar to `org.seleniumhq.selenium:selenium-devtools-v86:4.1.2` where the version ("v86") matches the version of the chromium-based browser you're using and the version number of the artifact is the same as Selenium's.
]]></system-err>
  </testcase>
</testsuite>